1
                                         SOME SANTA ROSA QUAKES FOR TESTING HYPO71      



 ***** PROGRAM: HYPO71PC (Version 1: 11/29/85) *****


             TEST(1)  TEST(2)  TEST(3)  TEST(4)  TEST(5)  TEST(6)  TEST(7)  TEST(8)  TEST(9) TEST(10) TEST(11) TEST(12) TEST(13)
 STANDARD    0.1000  10.0000   2.0000   0.0500   5.0000   4.0000  -0.8700   2.0000   0.0035 100.0000   8.0000   0.5000   1.0000
 RESET TO    0.1000  10.0000   2.0000   0.0500   5.0000   1.0000  -0.8700   2.0000   0.0035 100.0000   8.0000   0.5000   1.0000

    L     STN     LAT     LONG    ELV DELAY     FMGC  XMGC KL  PRR  CALR IC      DATE HRMN
    1    SR01 3842.55N 12259.17W    0 -0.15     0.40   0.25 8 0.00   0.00 0          0   0
    2    SR02 3827.28N 123 4.80W    0  0.09     0.40   0.25 8 0.00   0.00 0          0   0
    3    SR03 3814.15N 12251.29W    0  0.12     0.40   0.25 8 0.00   0.00 0          0   0
    4    SR04 3817.20N 12231.92W    0  0.14     0.40   0.25 8 0.00   0.00 0          0   0
    5    SR05 3829.55N 12224.33W    0  0.07     0.40   0.25 8 0.00   0.00 0          0   0
    6    SR06 3842.58N 12232.22W    0 -0.19     0.40   0.25 8 0.00   0.00 0          0   0
    7    SR07 3832.20N 12242.78W    0  0.03     0.40   0.25 8 0.00   0.00 0          0   0
    8    SR8A 3835.50N 12249.38W    0  0.04     0.40   0.25 8 0.00   0.00 0          0   0
    9    SR08 3835.92N 12248.25W    0  0.07     0.40   0.25 8 0.00   0.00 0          0   0
   10    SR09 3829.42N 12251.00W    0 -0.19     0.40   0.25 8 0.00   0.00 0          0   0
   11    SR10 3825.00N 12238.75W    0 -0.16     0.40   0.25 8 0.00   0.00 0          0   0
   12    SR11 3833.58N 12239.48W    0  0.02     0.40   0.25 8 0.00   0.00 0          0   0
   13    SR12 3833.95N 12246.20W    0  0.19     0.40   0.25 8 0.00   0.00 0          0   0
   14    SR13 3828.50N 12241.10W    0 -0.01     0.40   0.25 8 0.00   0.00 0          0   0
   15    SR14 3823.08N 12249.38W    0  0.01     0.40   0.25 8 0.00   0.00 0          0   0
   16    SR15 3829.40N 12235.95W    0  0.07     0.40   0.25 8 0.00   0.00 0          0   0
   17    SR16 3832.02N 12258.55W    0  0.04     0.40   0.25 8 0.00   0.00 0          0   0
   18    SR17 3845.95N 12248.35W    0  0.00     0.40   0.25 8 0.00   0.00 0          0   0
   19    SR18 3817.75N 12244.48W    0 -0.11     0.40   0.25 8 0.00   0.00 0          0   0
   20    SR19 3840.25N 12240.08W    0 -0.05     0.40   0.25 8 0.00   0.00 0          0   0



       CRUSTAL MODEL 1
     VELOCITY     DEPTH
        3.300     0.000
        5.000     1.000
        5.700     4.000
        6.700    15.000
        8.000    25.000



KS Z XNEAR XFAR  POS   IQ  KMS  KFM IPUN IMAG   IR IPRN CODE   LATR      LONR
 0  5.  50. 100. 1.78    2    0   18    0    1    0    100011   0  0.00   0  0.00
1

                               SOME SANTA ROSA QUAKES FOR TESTING HYPO71                                       69/10/ 5    11:12

                                                             ADJUSTMENTS (KM)  PARTIAL F-VALUES  STANDARD ERRORS  ADJUSTMENTS TAKEN
  I  ORIG  LAT N    LONG W   DEPTH  DM  RMS AVRPS SKD   CF   DLAT  DLON    DZ  DLAT  DLON    DZ  DLAT  DLON    DZ  DLAT  DLON    DZ
  1 52.57 38-25.10 122-38.85  5.00   0 0.97  0.00 D0A  2.00  5.80  4.50  6.82126.41 47.86 16.16  0.52  0.65  1.70  5.80  4.50  3.41
  2 53.05 38-28.23 122-41.94  8.41   1 0.19 -0.25 B0A  2.00  0.66  0.00  0.00  4.38 -1.00  0.03  0.32  0.00  0.00  0.66  0.00  0.00
  3 52.82 38-28.59 122-41.94  8.41   1 0.16  0.00 B4A  2.00  0.15  0.00  0.00  0.27 -1.00 -1.00  0.29  0.00  0.00  0.00  0.00  0.00
  3 52.83 38-28.59 122-41.94  8.41   1 0.16  0.00 B2A  2.00  0.15  0.00 -0.24  0.22  0.00  0.05  0.31  0.37  1.11  0.00  0.00  0.00


  DATE    ORIGIN    LAT N    LONG W    DEPTH    MAG NO DM GAP M  RMS  ERH  ERZ Q SQD  ADJ IN NR  AVR  AAR NM AVXM SDXM NF AVFM SDFM I
 691005 1112 52.83 38-28.59 122-41.94   8.41   1.81 19  1  59 1 0.16  0.5  1.1 B B|A 0.66 10 19 0.00 0.12  2  1.7  0.0  3  1.8  0.1 3

  STN  DIST AZM AIN PRMK HRMN P-SEC TPOBS TPCAL DLY/H1 P-RES P-WT AMX PRX CALX K XMAG RMK FMP FMAG SRMK S-SEC TSOBS S-RES  S-WT    DT
 SR13   1.2  98 171 IPD0 1112 54.89  2.06  1.69 -0.01  0.38  0.74   0  0  0.00 8                                                     
 SR07   6.8 350 137 IPD0 1112 54.81  1.98  2.14  0.03 -0.18  1.06   0  0  0.00 8                                                     
 SR10   8.1 145 131 IPU0 1112 54.80  1.97  2.30 -0.16 -0.17  1.06   0  0  0.00 8                                                     
 SR15   8.8  80 129 IPU0 1112 55.21  2.38  2.40  0.07 -0.09  1.10   0  0  0.00 8                                                     
 SR11   9.9  21 125 IPD0 1112 55.32  2.49  2.55  0.02 -0.08  1.10   0  0  0.00 8                                                     
 SR12  11.7 328 120 IPD0 1112 55.77  2.94  2.82  0.19 -0.06  1.10   0  0  0.00 8                                                     
 SR09  13.3 277 116 IPU0 1112 55.66  2.83  3.06 -0.19 -0.04  1.10   0  0  0.00 8      CLP                                            
 SR8A  16.7 320 111 IP+1 1112 56.51  3.68  3.62  0.04  0.02  0.82   0  0  0.00 8                                                     
 SR18  20.4 190 106 IPD0 1112 56.94  4.11  4.23 -0.11  0.00  1.10   0  0  0.00 8                                                     
 SR19  21.7   7 105 IPD0 1112 57.26  4.43  4.45 -0.05  0.03  1.10   0  0  0.00 8                                                     
 SR16  25.0 285 103 IPD0 1112 58.04  5.21  5.00  0.04  0.17  1.06   0  0  0.00 8                                                     
 SR04  25.6 145 102 IPU0 1112 58.05  5.22  5.12  0.14 -0.03  1.10  29 20  0.78 8 1.7               ISU0 62.45  9.62  0.26   1.0      
 SR05  25.7  86 102 IPU0 1112 58.12  5.29  5.12  0.07  0.10  1.09   0  0  0.00 8           15 2.0                                    
 SR06  29.5  29 101 IPD0 1112 58.53  5.70  5.78 -0.19  0.11  1.09   0  0  0.00 8      CLP          IS 0 62.59  9.76 -0.19   1.1      
 SR03  30.0 207 100 IPD0 1112 58.41  5.58  5.87  0.12 -0.40  0.68  23 15  0.65 8 1.7                                                 
 SR02  33.3 266  99 IPU0 1112 59.42  6.59  6.45  0.09  0.06  1.10   0  0  0.00 8           10 1.6                                    
 SR01  36.0 316  98 EP-2 1112 59.78  6.95  6.90 -0.15  0.20  0.53   0  0  0.00 8           12 1.8                                    



 ***** SR20IPD0 691005120648.88                                                         ***** DELETED: SR20 NOT ON STATION LIST
1

                               SOME SANTA ROSA QUAKES FOR TESTING HYPO71                                       69/10/ 5    12: 6

                                                             ADJUSTMENTS (KM)  PARTIAL F-VALUES  STANDARD ERRORS  ADJUSTMENTS TAKEN
  I  ORIG  LAT N    LONG W   DEPTH  DM  RMS AVRPS SKD   CF   DLAT  DLON    DZ  DLAT  DLON    DZ  DLAT  DLON    DZ  DLAT  DLON    DZ
  1 44.52 38-28.60 122-41.20  5.00   0 0.14  0.00 A0A  2.00 -0.13  1.29 -0.77  2.24174.49  8.73  0.09  0.10  0.26 -0.13  1.29 -0.77
  2 44.58 38-28.53 122-42.09  4.23   1 0.04 -0.01 A0A  2.00  0.00  0.00 -0.47 -1.00  0.08  4.50  0.00  0.00  0.22  0.00  0.00 -0.47
  2 44.57 38-28.53 122-42.09  3.75   1 0.04 -0.02 A0A  2.00  0.00  0.00  0.00 -1.00 -1.00 -1.00  0.00  0.00  0.00  0.00  0.00  0.09
  3 44.57 38-28.53 122-42.09  3.85*  1 0.03 -0.01 A4A  2.00  0.00 -0.01  0.00 -1.00  0.03 -1.00  0.00  0.08  0.00  0.00  0.00  0.00
  3 44.56 38-28.53 122-42.09  3.85   1 0.03  0.00 A2A  2.00  0.00 -0.07  0.20  0.00  0.82  3.20  0.07  0.08  0.11  0.00  0.00  0.00


  DATE    ORIGIN    LAT N    LONG W    DEPTH    MAG NO DM GAP M  RMS  ERH  ERZ Q SQD  ADJ IN NR  AVR  AAR NM AVXM SDXM NF AVFM SDFM I
 691005 12 6 44.56 38-28.53 122-42.09   3.85   2.05 17  1  59 1 0.03  0.1  0.1 A A|A 0.09  0 20 0.00 0.03  0  0.0  0.0  2  2.0  0.0 3

  STN  DIST AZM AIN PRMK HRMN P-SEC TPOBS TPCAL DLY/H1 P-RES P-WT AMX PRX CALX K XMAG RMK FMP FMAG SRMK S-SEC TSOBS S-RES  S-WT    DT
 SR13   1.4  92 158 IPD0 12 6 45.46  0.90  0.93 -0.01 -0.02  1.00   0  0  0.00 8                                                     
 SR07   6.9 352 115 IPD0 12 6 46.38  1.82  1.73  0.03  0.06  1.00   0  0  0.00 8           18 2.1                                    
 SR10   8.1 143 111 IPU0 12 6 46.40  1.84  1.96 -0.16  0.04  1.00   0  0  0.00 8                                                     
 SR15   9.1  80 109 IPU0 12 6 46.80  2.24  2.14  0.07  0.04  1.00   0  0  0.00 8                                                     
 SR11  10.1  22  61 IPD0 12 6 46.89  2.33  2.32  0.02 -0.01  1.00   0  0  0.00 8                                                     
 SR12  11.7 329  61 IPD0 12 6 47.32  2.76  2.60  0.19 -0.03  1.00   0  0  0.00 8                                                     
 SR09  13.1 277  61 IPU0 12 6 47.23  2.67  2.84 -0.19  0.02  1.00   0  0  0.00 8                                                     
 SR14  14.6 226  61 IPD0 12 6 57.78 13.22  3.12  0.01 10.10**0.00   0  0  0.00 8                                                     
 SR8A  16.7 321  61 IPU0 12 6 48.09  3.53  3.48  0.04  0.01  1.00   0  0  0.00 8                                                     
 SR18  20.2 190  61 IPD0 12 6 48.55  3.99  4.10 -0.11  0.00  1.00   0  0  0.00 8                                                     
 SR19  21.9   8  61 IPD0 12 6 48.88  4.32  4.39 -0.05 -0.02  1.00   0  0  0.00 8                                                     
 SR16  24.8 285  61 IPU0 12 6 49.47  4.91  4.90  0.04 -0.03  1.00   0  0  0.00 8                                                     
 SR04  25.7 145  61 IPU0 12 6 49.66  5.10  5.05  0.14 -0.09  1.00   0  0  0.00 8           16 2.0                                    
 SR05  25.9  86  61 IPU0 12 6 49.72  5.16  5.09  0.07  0.00  1.00   0  0  0.00 8                   ES 2 53.70  9.14 -0.05   0.0      
 SR06  29.7  29  61 IPD0 12 6 50.10  5.54  5.76 -0.19 -0.02  1.00   0  0  0.00 8                   ESN4 54.20  9.64 -0.27   0.0      
 SR03  29.8 207  61 IPD0 12 6 50.49  5.93  5.78  0.12  0.04  1.00   0  0  0.00 8                                                     
 SR02  33.1 266  61 IPU0 12 6 51.02  6.46  6.36  0.09  0.01  1.00   0  0  0.00 8                                                     
 SR01  35.9 316  61 IPD0 12 6 51.22  6.66  6.85 -0.15 -0.03  1.00   0  0  0.00 8                                                     
1  DATE    ORIGIN     LAT      LONG     DEPTH    MAG NO GAP DMIN  RMS  ERH  ERZ QM
  691005 12 6 44.56 38-28.53 122-42.09   3.85   2.05 17  59  1.4 0.03  0.1  0.1 A1
0                                                                   0 
                                                                                                                    
                                                                                                                    
                                                                    I                                               
                                                                                                                    
                                                           *** *** *** *** ***                                      
                                                     * ***                     *** *                                
                                                   **                               **                              
                                               * **                                   ** *                          
                                             **                                           **                        
                                           **                                               **                      
                                         **                             D                     **                    
                                       **                                      D                **                  
                                      *          C                                D               *                 
                                    **                D                                            **               
                                    *             C                                                 *               
                                  **             D                                                   **             
                                  *                                                                   *             
                                 *                                                                     *            
                                *                                                                       *           
                               *                                                                         *          
                               *                                                                         *          
                              **                                                                         **         
                              *                                                                           *         
                              *          C                                                                *         
                             *                                                                             *        
                             *          C                                                                  *        
                             *                                                                  C          *        
                 270        -*                           D          *                                      *-        90
                             *          C                                                                  *        
                             *                                                                             *        
                             *       C                                                                     *        
                              *                                                                           *         
                              *                                                                           *         
                              **                                                                         **         
                               *                                                                         *          
                               *                                                                         *          
                                *                                                                       *           
                                 *                                                                     *            
                                  *                                                                   *             
                                  **            D                                                    **             
                                    *                                                               *               
                                    **                                              C              **               
                                      *                D                                          *                 
                                       **                      D                                **                  
                                         **                             D                     **                    
                                           **                                               **                      
                                             **                                           **                        
                                               * **                                   ** *                          
                                                   **                               **                              
                                                     * ***                     *** *                                
                                                           *** *** *** *** ***                                      
                                                                                                                    
                                                                    I                                               
                                                                                                                    
                                                                                                                    
                                                                   180 
1

                               SOME SANTA ROSA QUAKES FOR TESTING HYPO71                                       69/10/ 5     6:12
 ***** FOLLOWING EVENT IS OUT OF ORDER *****

                                                             ADJUSTMENTS (KM)  PARTIAL F-VALUES  STANDARD ERRORS  ADJUSTMENTS TAKEN
  I  ORIG  LAT N    LONG W   DEPTH  DM  RMS AVRPS SKD   CF   DLAT  DLON    DZ  DLAT  DLON    DZ  DLAT  DLON    DZ  DLAT  DLON    DZ
  1  4.41 38-28.60 122-41.20  5.00   0 0.15  0.00 B0A  2.00 -0.37 -0.47  2.82  3.22  3.65 23.73  0.21  0.24  0.58 -0.37 -0.47  2.82
  2  4.28 38-28.40 122-40.88  7.82   0 0.07 -0.06 A4A  2.00  0.00 -0.10  0.00 -1.00  0.22 -1.00  0.00  0.22  0.00  0.00  0.00  0.00
  2  4.22 38-28.40 122-40.88  7.82   0 0.07  0.00 A2A  2.00 -0.02 -0.11  0.11  0.01  0.22  0.05  0.20  0.24  0.52  0.00  0.00  0.00


  DATE    ORIGIN    LAT N    LONG W    DEPTH    MAG NO DM GAP M  RMS  ERH  ERZ Q SQD  ADJ IN NR  AVR  AAR NM AVXM SDXM NF AVFM SDFM I
