1
                                          STATIONS RECORDING ARIZONA EARTHQUAKES        



 ***** PROGRAM: HYPO71PC (Version 1: 11/29/85) *****


             TEST(1)  TEST(2)  TEST(3)  TEST(4)  TEST(5)  TEST(6)  TEST(7)  TEST(8)  TEST(9) TEST(10) TEST(11) TEST(12) TEST(13)
 STANDARD    0.1000  10.0000   2.0000   0.0500   5.0000   4.0000  -0.8700   2.0000   0.0035 100.0000   8.0000   0.5000   1.0000

    L     STN     LAT     LONG    ELV DELAY     FMGC  XMGC KL  PRR  CALR IC      DATE HRMN
    1    FLAG 3510.51N 11136.91W    0  0.00     0.00   0.00 0 0.00   0.00 0          0   0
    2    WMZ  35 9.36N 11219.56W    0  0.00     0.00   0.00 0 0.00   0.00 0          0   0
    3    RMU  37 4.56N 11058.20W    0  0.00     0.00   0.00 0 0.00   0.00 0          0   0
    4    GCN  36 2.64N 112 7.68W    0  0.00     0.00   0.00 0 0.00   0.00 0          0   0
    5    KNB  37 1.00N 11249.34W    0  0.00     0.00   0.00 0 0.00   0.00 0          0   0
    6    ALQ  3456.55N 10627.45W    0  0.00     0.00   0.00 0 0.00   0.00 0          0   0
    7    GCAZ 36 2.64N 112 7.68W    0  0.00     0.00   0.00 0 0.00   0.00 0          0   0
    8    CCAZ 3539.24N 11212.96W    0  0.00     0.00   0.00 0 0.00   0.00 0          0   0
    9    X16A 3425.20N 11157.00W    0  0.00     0.00   0.00 0 0.00   0.00 0          0   0
   10    X18A 3431.80N 10958.00W    0  0.00     0.00   0.00 0 0.00   0.00 0          0   0
   11    U15A 3625.80N 11217.40W    0  0.00     0.00   0.00 0 0.00   0.00 0          0   0
   12    WUAZ 3531.20N 11122.20W    0  0.00     0.00   0.00 0 0.00   0.00 0          0   0
   13    W18A 35 7.09N 10944.14W    0  0.00     0.00   0.00 0 0.00   0.00 0          0   0
   14    W13A 35 6.00N 11353.40W    0  0.00     0.00   0.00 0 0.00   0.00 0          0   0
   15    EKU  37 4.50N 11229.82W    0  0.00     0.00   0.00 0 0.00   0.00 0          0   0
   16    SUU  3953.32N 11147.50W    0  0.00     0.00   0.00 0 0.00   0.00 0          0   0
   17    DLM  3736.35N 11444.33W    0  0.00     0.00   0.00 0 0.00   0.00 0          0   0
   18    JRAR 3446.24N 112 7.02W    0  0.00     0.00   0.00 0 0.00   0.00 0          0   0
   19    ARUT 3747.28N 11326.42W    0  0.00     0.00   0.00 0 0.00   0.00 0          0   0
   20    CCU  3740.52N 113 4.11W    0  0.00     0.00   0.00 0 0.00   0.00 0          0   0
   21    EMN  3555.30N 11445.25W    0  0.00     0.00   0.00 0 0.00   0.00 0          0   0
   22    SRG  3752.93N 115 4.09W    0  0.00     0.00   0.00 0 0.00   0.00 0          0   0
   23    SCN  3522.13N 11132.55W    0  0.00     0.00   0.00 0 0.00   0.00 0          0   0
   24    SHRG 3630.27N 115 9.31W    0  0.00     0.00   0.00 0 0.00   0.00 0          0   0
   25    EPR  3710.12N 11511.19W    0  0.00     0.00   0.00 0 0.00   0.00 0          0   0
   26    PRN  3724.42N 115 2.99W    0  0.00     0.00   0.00 0 0.00   0.00 0          0   0
   27    APKW 3619.19N 11535.22W    0  0.00     0.00   0.00 0 0.00   0.00 0          0   0
   28    NPN  3739.16N 11456.22W    0  0.00     0.00   0.00 0 0.00   0.00 0          0   0
   29    SPRG 3641.64N 11548.56W    0  0.00     0.00   0.00 0 0.00   0.00 0          0   0
   30    MCY  3639.64N 11557.67W    0  0.00     0.00   0.00 0 0.00   0.00 0          0   0
   31    JON  3626.39N 116 6.18W    0  0.00     0.00   0.00 0 0.00   0.00 0          0   0
   32    NOP  36 7.68N 116 9.16W    0  0.00     0.00   0.00 0 0.00   0.00 0          0   0
   33    CPX  3655.80N 116 3.33W    0  0.00     0.00   0.00 0 0.00   0.00 0          0   0
   34    GLR  3711.94N 116 1.01W    0  0.00     0.00   0.00 0 0.00   0.00 0          0   0
   35    LOP  3651.27N 11610.11W    0  0.00     0.00   0.00 0 0.00   0.00 0          0   0
   36    LSM  3644.55N 11616.33W    0  0.00     0.00   0.00 0 0.00   0.00 0          0   0
   37    SDH  3638.73N 11620.29W    0  0.00     0.00   0.00 0 0.00   0.00 0          0   0
   38    BGB  37 2.27N 11613.66W    0  0.00     0.00   0.00 0 0.00   0.00 0          0   0
   39    CDH1 3651.62N 11619.05W    0  0.00     0.00   0.00 0 0.00   0.00 0          0   0
   40    AMR  3623.86N 11628.45W    0  0.00     0.00   0.00 0 0.00   0.00 0          0   0
   41    YMT3 3647.23N 11624.79W    0  0.00     0.00   0.00 0 0.00   0.00 0          0   0
   42    QCS  3746.07N 11554.98W    0  0.00     0.00   0.00 0 0.00   0.00 0          0   0
   43    YMT6 3651.51N 11624.26W    0  0.00     0.00   0.00 0 0.00   0.00 0          0   0
   44    PV5  38 8.88N 10858.15W    0  0.00     0.00   0.00 0 0.00   0.00 0          0   0
   45    TMBR 37 2.05N 11623.13W    0  0.00     0.00   0.00 0 0.00   0.00 0          0   0
   46    YMT4 3650.83N 11627.07W    0  0.00     0.00   0.00 0 0.00   0.00 0          0   0
   47    EPN  3712.85N 11619.42W    0  0.00     0.00   0.00 0 0.00   0.00 0          0   0
   48    FMT  3638.27N 11647.00W    0  0.00     0.00   0.00 0 0.00   0.00 0          0   0
   49    PV01 38 8.06N 10834.22W    0  0.00     0.00   0.00 0 0.00   0.00 0          0   0
   50    QSM  3557.93N 11652.10W    0  0.00     0.00   0.00 0 0.00   0.00 0          0   0
   51    KRNA 3744.47N 11622.80W    0  0.00     0.00   0.00 0 0.00   0.00 0          0   0
   52    TCN  37 8.80N 11643.52W    0  0.00     0.00   0.00 0 0.00   0.00 0          0   0
   53    PAN  3623.59N 117 6.05W    0  0.00     0.00   0.00 0 0.00   0.00 0          0   0
   54    SGV  3658.92N 117 2.11W    0  0.00     0.00   0.00 0 0.00   0.00 0          0   0
   55    PV06 3819.95N 10827.46W    0  0.00     0.00   0.00 0 0.00   0.00 0          0   0
   56    NMUT 3830.99N 11251.00W    0  0.00     0.00   0.00 0 0.00   0.00 0          0   0
   57    EMUT 3948.84N 11048.92W    0  0.00     0.00   0.00 0 0.00   0.00 0          0   0
   58    OPUT 39 4.07N 11057.21W    0  0.00     0.00   0.00 0 0.00   0.00 0          0   0
   59    RLUT 39 9.13N 11049.12W    0  0.00     0.00   0.00 0 0.00   0.00 0          0   0
   60    334  36 0.36N 11214.62W    0  0.00     0.00   0.00 0 0.00   0.00 0          0   0
   61    686  3555.71N 112 8.80W    0  0.00     0.00   0.00 0 0.00   0.00 0          0   0
   62    BULL 3559.60N 11215.52W    0  0.00     0.00   0.00 0 0.00   0.00 0          0   0
   63    605  36 0.00N 112 8.20W    0  0.00     0.00   0.00 0 0.00   0.00 0          0   0
   64    CCR  36 0.44N 11211.40W    0  0.00     0.00   0.00 0 0.00   0.00 0          0   0
   65    LOST 36 1.68N 11211.47W    0  0.00     0.00   0.00 0 0.00   0.00 0          0   0
   66    ERE  36 4.32N 11215.24W    0  0.00     0.00   0.00 0 0.00   0.00 0          0   0
   67    680  36 1.29N 11217.85W    0  0.00     0.00   0.00 0 0.00   0.00 0          0   0
   68    DUG  4011.70N 11248.80W    0  0.00     0.00   0.00 0 0.00   0.00 0          0   0
   69    GOL  3942.02N 10522.27W    0  0.00     0.00   0.00 0 0.00   0.00 0          0   0



       CRUSTAL MODEL 1
     VELOCITY     DEPTH
        4.700     0.000
        6.200     1.500
        6.800    30.000
        8.100    40.000



KS Z XNEAR XFAR  POS   IQ  KMS  KFM IPUN IMAG   IR IPRN CODE   LATR      LONR
 0 10. 200. 400. 1.78    4    0    0    0    1    0    101111   0  0.00   0  0.00
1

                                STATIONS RECORDING ARIZONA EARTHQUAKES                                         16/ 6/18     3:56

                                                             ADJUSTMENTS (KM)  PARTIAL F-VALUES  STANDARD ERRORS  ADJUSTMENTS TAKEN
  I  ORIG  LAT N    LONG W   DEPTH  DM  RMS AVRPS SKD   CF   DLAT  DLON    DZ  DLAT  DLON    DZ  DLAT  DLON    DZ  DLAT  DLON    DZ
  1  1.88 35-39.34 112-13.06 10.00*  0 8.54  0.00 D0D  2.00-81.95-44.98  0.00 18.31  5.77  0.00 19.15 18.72  0.00-81.95-44.98  0.00
  2 12.14 34-55.02 111-43.26 10.00* 59 5.76-10.19 D0D  2.00 34.63 20.51  0.00262.93 21.27  0.00  2.14  4.45  0.00 34.63 20.51  0.00
  3  4.59 35-13.75 111-56.72 10.00  53 0.75 -1.12 D0D  2.00  0.00 -6.02 28.93  0.05 19.92  3.11  0.00  1.35 16.41  0.00 -6.02  4.82
  4  3.53 35-13.75 111-52.75 14.82  56 0.32 -0.08 C0D  2.00  0.00  0.00 13.22 -1.00  0.05  2.17  0.00  0.00  8.98  0.00  0.00  4.41
  5  3.27 35-13.75 111-52.75 19.23  56 0.29 -0.02 C1D  0.50  0.00  0.00  6.74 -1.00  0.08  0.94  0.00  0.00  6.94  0.00  0.00  3.37
  6  3.07 35-13.75 111-52.75 22.60  56 0.27 -0.01 C3D  0.50  0.00  0.00  3.26 -1.00 -1.00  0.30  0.00  0.00  5.98  0.00  0.00  0.00
  6  3.06 35-13.75 111-52.75 22.60  56 0.27  0.00 C2D  2.00  0.18 -0.49  4.54  0.02  0.09  0.20  1.36  1.69 10.18  0.00  0.00  0.00


  DATE    ORIGIN    LAT N    LONG W    DEPTH    MAG NO DM GAP M  RMS  ERH  ERZ Q SQD  ADJ IN NR  AVR  AAR NM AVXM SDXM NF AVFM SDFM I
 160618  356  3.06 35-13.75 111-52.75  22.60         6 56 143 1 0.27  2.2 10.2 D C|D 3.37 10  6 0.00 0.24  0  0.0  0.0  0  0.0  0.0 6

  STN  DIST AZM AIN PRMK HRMN P-SEC TPOBS TPCAL DLY/H1 P-RES P-WT AMX PRX CALX K XMAG RMK FMP FMAG SRMK S-SEC TSOBS S-RES  S-WT    DT
 CCAZ  56.2 327 111 IPD0  356 12.70  9.64  9.90  0.00 -0.27  1.35   0  0  0.00 0                   ES 2 21.33 18.27  0.64   0.5      
 WUAZ  56.4  55 111 EP_0  356 12.88  9.82  9.94  0.00 -0.12  1.39   0  0  0.00 0                   ES 2 20.85 17.79  0.09   0.7      
 X16A  90.0 184 103 IPU0  356 18.42 15.36 15.13  0.00  0.23  1.38   0  0  0.00 0                   ES 2 29.73 26.67 -0.26   0.7      
     14.29     53.41     21.60      0.03      0.31            0.03
     14.29     52.09     21.60      0.11      0.35                              0.08
     14.29     53.41     23.60     -0.09      0.30             (  0.03)
     14.29     52.09     23.60     -0.01      0.33                               (  0.05)

     13.75     52.75     20.87      0.10      0.28                     0.01
                                              0.27                       0.00
     13.75     52.75     24.33     -0.11      0.27                      ( -0.01)

     13.21     53.41     21.60      0.03      0.35            0.07
     13.21     52.09     21.60      0.08      0.30                              0.03
     13.21     53.41     23.60     -0.09      0.35             (  0.08)
     13.21     52.09     23.60     -0.06      0.30                               (  0.03)
1 ***** CLASS:     A     B     C     D TOTAL *****

       NUMBER:   0.0   0.0   0.0   1.0   1.0

            %:   0.0   0.0   0.0 100.0



          TRAVELTIME RESIDUALS (MODEL=1)     TRAVELTIME RESIDUALS (MODEL=2)     X-MAGNITUDE RESIDUALS      F-MAGNITUDE RESIDUALS
 STATION   NRES    SRWT   AVRES   SDRES       NRES    SRWT   AVRES   SDRES        NXM    AVXM    SDXM        NFM    AVFM    SDFM
    FLAG      0    0.00    0.00    0.00          0    0.00    0.00    0.00          0    0.00    0.00          0    0.00    0.00
    WMZ       0    0.00    0.00    0.00          0    0.00    0.00    0.00          0    0.00    0.00          0    0.00    0.00
    RMU       0    0.00    0.00    0.00          0    0.00    0.00    0.00          0    0.00    0.00          0    0.00    0.00
    GCN       0    0.00    0.00    0.00          0    0.00    0.00    0.00          0    0.00    0.00          0    0.00    0.00
    KNB       0    0.00    0.00    0.00          0    0.00    0.00    0.00          0    0.00    0.00          0    0.00    0.00
    ALQ       0    0.00    0.00    0.00          0    0.00    0.00    0.00          0    0.00    0.00          0    0.00    0.00
    GCAZ      0    0.00    0.00    0.00          0    0.00    0.00    0.00          0    0.00    0.00          0    0.00    0.00
    CCAZ      1    1.35   -0.27    0.00          0    0.00    0.00    0.00          0    0.00    0.00          0    0.00    0.00
    X16A      1    1.38    0.23    0.00          0    0.00    0.00    0.00          0    0.00    0.00          0    0.00    0.00
    X18A      0    0.00    0.00    0.00          0    0.00    0.00    0.00          0    0.00    0.00          0    0.00    0.00
    U15A      0    0.00    0.00    0.00          0    0.00    0.00    0.00          0    0.00    0.00          0    0.00    0.00
    WUAZ      1    1.39   -0.12    0.00          0    0.00    0.00    0.00          0    0.00    0.00          0    0.00    0.00
    W18A      0    0.00    0.00    0.00          0    0.00    0.00    0.00          0    0.00    0.00          0    0.00    0.00
    W13A      0    0.00    0.00    0.00          0    0.00    0.00    0.00          0    0.00    0.00          0    0.00    0.00
    EKU       0    0.00    0.00    0.00          0    0.00    0.00    0.00          0    0.00    0.00          0    0.00    0.00
    SUU       0    0.00    0.00    0.00          0    0.00    0.00    0.00          0    0.00    0.00          0    0.00    0.00
    DLM       0    0.00    0.00    0.00          0    0.00    0.00    0.00          0    0.00    0.00          0    0.00    0.00
    JRAR      0    0.00    0.00    0.00          0    0.00    0.00    0.00          0    0.00    0.00          0    0.00    0.00
    ARUT      0    0.00    0.00    0.00          0    0.00    0.00    0.00          0    0.00    0.00          0    0.00    0.00
    CCU       0    0.00    0.00    0.00          0    0.00    0.00    0.00          0    0.00    0.00          0    0.00    0.00
    EMN       0    0.00    0.00    0.00          0    0.00    0.00    0.00          0    0.00    0.00          0    0.00    0.00
    SRG       0    0.00    0.00    0.00          0    0.00    0.00    0.00          0    0.00    0.00          0    0.00    0.00
    SCN       0    0.00    0.00    0.00          0    0.00    0.00    0.00          0    0.00    0.00          0    0.00    0.00
    SHRG      0    0.00    0.00    0.00          0    0.00    0.00    0.00          0    0.00    0.00          0    0.00    0.00
    EPR       0    0.00    0.00    0.00          0    0.00    0.00    0.00          0    0.00    0.00          0    0.00    0.00
    PRN       0    0.00    0.00    0.00          0    0.00    0.00    0.00          0    0.00    0.00          0    0.00    0.00
    APKW      0    0.00    0.00    0.00          0    0.00    0.00    0.00          0    0.00    0.00          0    0.00    0.00
    NPN       0    0.00    0.00    0.00          0    0.00    0.00    0.00          0    0.00    0.00          0    0.00    0.00
    SPRG      0    0.00    0.00    0.00          0    0.00    0.00    0.00          0    0.00    0.00          0    0.00    0.00
    MCY       0    0.00    0.00    0.00          0    0.00    0.00    0.00          0    0.00    0.00          0    0.00    0.00
    JON       0    0.00    0.00    0.00          0    0.00    0.00    0.00          0    0.00    0.00          0    0.00    0.00
    NOP       0    0.00    0.00    0.00          0    0.00    0.00    0.00          0    0.00    0.00          0    0.00    0.00
    CPX       0    0.00    0.00    0.00          0    0.00    0.00    0.00          0    0.00    0.00          0    0.00    0.00
    GLR       0    0.00    0.00    0.00          0    0.00    0.00    0.00          0    0.00    0.00          0    0.00    0.00
    LOP       0    0.00    0.00    0.00          0    0.00    0.00    0.00          0    0.00    0.00          0    0.00    0.00
    LSM       0    0.00    0.00    0.00          0    0.00    0.00    0.00          0    0.00    0.00          0    0.00    0.00
    SDH       0    0.00    0.00    0.00          0    0.00    0.00    0.00          0    0.00    0.00          0    0.00    0.00
    BGB       0    0.00    0.00    0.00          0    0.00    0.00    0.00          0    0.00    0.00          0    0.00    0.00
    CDH1      0    0.00    0.00    0.00          0    0.00    0.00    0.00          0    0.00    0.00          0    0.00    0.00
    AMR       0    0.00    0.00    0.00          0    0.00    0.00    0.00          0    0.00    0.00          0    0.00    0.00
    YMT3      0    0.00    0.00    0.00          0    0.00    0.00    0.00          0    0.00    0.00          0    0.00    0.00
    QCS       0    0.00    0.00    0.00          0    0.00    0.00    0.00          0    0.00    0.00          0    0.00    0.00
    YMT6      0    0.00    0.00    0.00          0    0.00    0.00    0.00          0    0.00    0.00          0    0.00    0.00
    PV5       0    0.00    0.00    0.00          0    0.00    0.00    0.00          0    0.00    0.00          0    0.00    0.00
    TMBR      0    0.00    0.00    0.00          0    0.00    0.00    0.00          0    0.00    0.00          0    0.00    0.00
    YMT4      0    0.00    0.00    0.00          0    0.00    0.00    0.00          0    0.00    0.00          0    0.00    0.00
    EPN       0    0.00    0.00    0.00          0    0.00    0.00    0.00          0    0.00    0.00          0    0.00    0.00
    FMT       0    0.00    0.00    0.00          0    0.00    0.00    0.00          0    0.00    0.00          0    0.00    0.00
    PV01      0    0.00    0.00    0.00          0    0.00    0.00    0.00          0    0.00    0.00          0    0.00    0.00
    QSM       0    0.00    0.00    0.00          0    0.00    0.00    0.00          0    0.00    0.00          0    0.00    0.00
    KRNA      0    0.00    0.00    0.00          0    0.00    0.00    0.00          0    0.00    0.00          0    0.00    0.00
    TCN       0    0.00    0.00    0.00          0    0.00    0.00    0.00          0    0.00    0.00          0    0.00    0.00
    PAN       0    0.00    0.00    0.00          0    0.00    0.00    0.00          0    0.00    0.00          0    0.00    0.00
    SGV       0    0.00    0.00    0.00          0    0.00    0.00    0.00          0    0.00    0.00          0    0.00    0.00
    PV06      0    0.00    0.00    0.00          0    0.00    0.00    0.00          0    0.00    0.00          0    0.00    0.00
    NMUT      0    0.00    0.00    0.00          0    0.00    0.00    0.00          0    0.00    0.00          0    0.00    0.00
    EMUT      0    0.00    0.00    0.00          0    0.00    0.00    0.00          0    0.00    0.00          0    0.00    0.00
    OPUT      0    0.00    0.00    0.00          0    0.00    0.00    0.00          0    0.00    0.00          0    0.00    0.00
    RLUT      0    0.00    0.00    0.00          0    0.00    0.00    0.00          0    0.00    0.00          0    0.00    0.00
    334       0    0.00    0.00    0.00          0    0.00    0.00    0.00          0    0.00    0.00          0    0.00    0.00
    686       0    0.00    0.00    0.00          0    0.00    0.00    0.00          0    0.00    0.00          0    0.00    0.00
    BULL      0    0.00    0.00    0.00          0    0.00    0.00    0.00          0    0.00    0.00          0    0.00    0.00
    605       0    0.00    0.00    0.00          0    0.00    0.00    0.00          0    0.00    0.00          0    0.00    0.00
    CCR       0    0.00    0.00    0.00          0    0.00    0.00    0.00          0    0.00    0.00          0    0.00    0.00
    LOST      0    0.00    0.00    0.00          0    0.00    0.00    0.00          0    0.00    0.00          0    0.00    0.00
    ERE       0    0.00    0.00    0.00          0    0.00    0.00    0.00          0    0.00    0.00          0    0.00    0.00
    680       0    0.00    0.00    0.00          0    0.00    0.00    0.00          0    0.00    0.00          0    0.00    0.00
    DUG       0    0.00    0.00    0.00          0    0.00    0.00    0.00          0    0.00    0.00          0    0.00    0.00
    GOL       0    0.00    0.00    0.00          0    0.00    0.00    0.00          0    0.00    0.00          0    0.00    0.00
