1
                                                                                        



 ***** PROGRAM: HYPO71PC (Version 1: 11/29/85) *****


             TEST(1)  TEST(2)  TEST(3)  TEST(4)  TEST(5)  TEST(6)  TEST(7)  TEST(8)  TEST(9) TEST(10) TEST(11) TEST(12) TEST(13)
 STANDARD    0.1000  10.0000   2.0000   0.0500   5.0000   4.0000  -0.8700   2.0000   0.0035 100.0000   8.0000   0.5000   1.0000

    L     STN     LAT     LONG    ELV DELAY     FMGC  XMGC KL  PRR  CALR IC      DATE HRMN
    1    EKU  37 4.50N 11229.82W    0  0.30     0.00   0.00 0 0.00   0.00 0          0   0
    2    U15A 3625.80N 11217.40W    0  0.50     0.00   0.00 0 0.00   0.00 0          0   0
    3    GCN  36 2.64N 112 7.68W    0 -0.80     0.00   0.00 0 0.00   0.00 0          0   0
    4    BHU  3735.40N 11251.60W    0  0.00     0.00   0.00 0 0.00   0.00 0          0   0
    5    ICU  37 9.00N 11355.44N    0 -2.00     0.00   0.00 0 0.00   0.00 0          0   0
    6    CCAZ 3539.24N 11212.96W    0 -1.00     0.00   0.00 0 0.00   0.00 0          0   0
    7    BTU  3745.60N 11152.20W    0  0.00     0.00   0.00 0 0.00   0.00 0          0   0
    8    WMZ  35 9.36N 11219.56W    0  0.00     0.00   0.00 0 0.00   0.00 0          0   0
    9    WUAZ 3531.20N 11122.20W    0  0.00     0.00   0.00 0 0.00   0.00 0          0   0
   10    SHP  3630.60N 115 9.60W    0 -3.00     0.00   0.00 0 0.00   0.00 0          0   0
   11    W13A 35 6.00N 11353.40W    0 -3.00     0.00   0.00 0 0.00   0.00 0          0   0
   12    FLAG 3510.51N 11136.91W    0  0.00     0.00   0.00 0 0.00   0.00 0          0   0
   13    X16A 3425.20N 11157.00W    0  0.00     0.00   0.00 0 0.00   0.00 0          0   0
   14    Y14A 3356.40N 113 0.00W    0 -2.80     0.00   0.00 0 0.00   0.00 0          0   0
   15    GMR  3720.04N 11542.66W    0  3.00     0.00   0.00 0 0.00   0.00 0          0   0
   16    X18A 3431.80N 10957.00W    0  3.00     0.00   0.00 0 0.00   0.00 0          0   0
   17    GLA  33 3.00N 11449.30W    0 -4.00     0.00   0.00 0 0.00   0.00 0          0   0



       CRUSTAL MODEL 1
     VELOCITY     DEPTH
        4.700     0.000
        6.200     1.000
        6.800    29.000
        7.850    40.000



KS Z XNEAR XFAR  POS   IQ  KMS  KFM IPUN IMAG   IR IPRN CODE   LATR      LONR
 0 10. 300. 990. 1.78    4    0    0    0    1    0    101111  37  0.00 112  0.00
1

                                                                                                                9/ 9/ 4    11:47

                                                             ADJUSTMENTS (KM)  PARTIAL F-VALUES  STANDARD ERRORS  ADJUSTMENTS TAKEN
  I  ORIG  LAT N    LONG W   DEPTH  DM  RMS AVRPS SKD   CF   DLAT  DLON    DZ  DLAT  DLON    DZ  DLAT  DLON    DZ  DLAT  DLON    DZ
  1 51.55 37- 0.00 112- 0.00 10.00* 45 5.57  0.00 D0C  2.00-26.53 47.77  0.00 16.22 30.39  0.00  6.59  8.67  0.00-26.53 47.77  0.00
  2 57.29 36-45.66 112-32.20 10.00* 35 2.45 -2.00 D0C  2.00 -6.73 13.98  0.00  6.92 16.04  0.00  2.56  3.49  0.00 -6.73 13.98  0.00
  3 55.73 36-42.01 112-41.59 10.00  45 1.80 -0.10 D0C  2.00  0.00  0.00-10.48 -1.00  0.83  7.62  0.00  0.00  3.80  0.00  0.00 -3.49
  4 55.48 36-42.01 112-41.59  6.51  45 1.70 -0.01 D0C  2.00  0.00  0.00 -7.72 -1.00  0.85  3.74  0.00  0.00  3.99  0.00  0.00 -3.86
  5 55.29 36-42.01 112-41.59  2.65  45 1.60  0.02 D0C  2.00  0.00  0.00 -6.74 -1.00  1.96  2.53  0.00  0.00  4.24  0.00  0.00 -1.32
  6 55.24 36-42.01 112-41.59  1.32* 45 1.57  0.00 D3C  0.50  0.00  1.29  0.00 -1.00  0.35 -1.00  0.00  2.16  0.00  0.00  0.00  0.00
  6 55.25 36-42.01 112-41.59  1.32  45 1.57  0.00 D2C  2.00 -2.67  4.57-12.24  2.10  3.70  6.34  1.84  2.38  4.86  0.00  0.00  0.00


  DATE    ORIGIN    LAT N    LONG W    DEPTH    MAG NO DM GAP M  RMS  ERH  ERZ Q SQD  ADJ IN NR  AVR  AAR NM AVXM SDXM NF AVFM SDFM I
  90904 1147 55.25 36-42.01 112-41.59   1.32        31 45  67 1 1.57  3.0  4.9 D D|C 1.32 10 32 0.00 0.93  0  0.0  0.0  0  0.0  0.0 6

  STN  DIST AZM AIN PRMK HRMN P-SEC TPOBS TPCAL DLY/H1 P-RES P-WT AMX PRX CALX K XMAG RMK FMP FMAG SRMK S-SEC TSOBS S-RES  S-WT    DT
 EKU   45.1  23  90 IP 0 1147 63.30  8.05  7.42  0.30  0.34  1.69   0  0  0.00 0                   0                                 
 U15A  46.9 130  90 IP 0 1147 63.90  8.65  7.71  0.50  0.45  1.05   0  0  0.00 0                   3ES  70.70 15.45  0.84   1.1      
 GCN   88.7 145  90 IP 0 1147 69.20 13.95 14.45 -0.80  0.30  0.56   0  0  0.00 0                   9ES  79.70 24.45  0.15   0.6      
 BHU   99.9 351  90 IP 0 1147 71.40 16.15 16.24  0.00 -0.09  1.69   0  0  0.00 0                   5ES  83.30 28.05 -0.86   1.7      
 ICU  120.5  66  90 IP 0 1147 71.90 16.65 19.57 -2.00 -0.92  1.05   0  0  0.00 0                   5ES  84.50 29.25 -2.03   1.0      
 CCAZ 123.8 160  90 IP 0 1147 74.30 19.05 20.10 -1.00 -0.05  0.56   0  0  0.00 0                   4ES  88.70 33.45 -0.55   0.6      
 BTU  138.5  32  90 IP 0 1147 78.70 23.45 22.47  0.00  0.98  1.69   0  0  0.00 0                   4ES  96.40 41.15  1.16   1.7      
 WMZ  174.5 169  90 IP 0 1147 82.80 27.55 28.29  0.00 -0.73  0.56   0  0  0.00 0                   7ES 103.50 48.25 -2.10   0.6      
 WUAZ 177.0 138  90 IP 0 1147 83.80 28.55 28.69  0.00 -0.14  1.05   0  0  0.00 0                   4ES 105.90 50.65 -0.42   1.1      
 FLAG 195.2 150  90 IP 0 1147 86.90 31.65 31.62  0.00  0.03  0.56   0  0  0.00 0                   3ES 109.30 54.05 -2.23   0.6      
 W13A 207.8 211  90 IP 0 1147 84.80 29.55 33.66 -3.00 -1.11  0.56   0  0  0.00 0                   2ES 109.20 53.95 -0.63   0.6      
 SHP  221.7 265  52 IP 0 1147 86.20 30.95 35.54 -3.00 -1.59  2.08   0  0  0.00 0                   3ES 114.00 58.75  0.83   2.1      
 X16A 261.8 165  52 IP 0 1147 95.90 40.65 40.65  0.00  0.01  0.56   0  0  0.00 0                   4ES 131.90 76.65  4.30   0.5      
 GMR  277.6 285  52 IP 0 1147100.80 45.55 42.66  3.00 -0.11  2.11   0  0  0.00 0                   0ES 147.80 92.55 11.27** 0.3      
 Y14A 307.5 185  52 IP 0 1147 97.70 42.45 46.47 -2.80 -1.21  0.55   0  0  0.00 0                   0                                 
 X18A 346.1 134  52 IP 0 1147110.60 55.35 51.38  3.00  0.97  0.98   0  0  0.00 0                   7ES 151.70 96.45 -0.34   1.0      
 GLA  449.3 206  52 IP 0 1147114.80 59.55 64.53 -4.00 -0.98  0.44   0  0  0.00 0                   9ES 177.10121.85 14.11** 0.0      
     42.56     42.26      0.32     -0.19      1.49           -0.09
     42.56     40.92      0.32     -0.15      1.60                              0.03
     42.56     42.26      2.32      0.00      1.52             ( -0.06)
     42.56     40.92      2.32      0.02      1.54                               ( -0.03)

     42.01     41.59      0.00     -0.21      1.56                    -0.02
                                              1.57                       0.00
     42.01     41.59      3.05      0.07      1.61                      (  0.03)

     41.47     42.26      0.32     -0.14      1.54           -0.03
     41.47     40.92      0.32     -0.13      1.58                              0.01
     41.47     42.26      2.32      0.05      1.58             (  0.01)
     41.47     40.92      2.32      0.06      1.61                               (  0.04)



 ***** EXTRA BLANK CARD ENCOUNTERED *****
1 ***** CLASS:     A     B     C     D TOTAL *****

       NUMBER:   0.0   0.0   0.0   1.0   1.0

            %:   0.0   0.0   0.0 100.0



          TRAVELTIME RESIDUALS (MODEL=1)     TRAVELTIME RESIDUALS (MODEL=2)     X-MAGNITUDE RESIDUALS      F-MAGNITUDE RESIDUALS
 STATION   NRES    SRWT   AVRES   SDRES       NRES    SRWT   AVRES   SDRES        NXM    AVXM    SDXM        NFM    AVFM    SDFM
    EKU       1    1.69    0.34    0.00          0    0.00    0.00    0.00          0    0.00    0.00          0    0.00    0.00
    U15A      1    1.05    0.45    0.00          0    0.00    0.00    0.00          0    0.00    0.00          0    0.00    0.00
    GCN       1    0.56    0.30    0.00          0    0.00    0.00    0.00          0    0.00    0.00          0    0.00    0.00
    BHU       1    1.69   -0.09    0.00          0    0.00    0.00    0.00          0    0.00    0.00          0    0.00    0.00
    ICU       1    1.05   -0.92    0.00          0    0.00    0.00    0.00          0    0.00    0.00          0    0.00    0.00
    CCAZ      1    0.56   -0.05    0.00          0    0.00    0.00    0.00          0    0.00    0.00          0    0.00    0.00
    BTU       1    1.69    0.98    0.00          0    0.00    0.00    0.00          0    0.00    0.00          0    0.00    0.00
    WMZ       1    0.56   -0.73    0.00          0    0.00    0.00    0.00          0    0.00    0.00          0    0.00    0.00
    WUAZ      1    1.05   -0.14    0.00          0    0.00    0.00    0.00          0    0.00    0.00          0    0.00    0.00
    SHP       1    2.08   -1.59    0.00          0    0.00    0.00    0.00          0    0.00    0.00          0    0.00    0.00
    W13A      1    0.56   -1.11    0.00          0    0.00    0.00    0.00          0    0.00    0.00          0    0.00    0.00
    FLAG      1    0.56    0.03    0.00          0    0.00    0.00    0.00          0    0.00    0.00          0    0.00    0.00
    X16A      1    0.56    0.01    0.00          0    0.00    0.00    0.00          0    0.00    0.00          0    0.00    0.00
    Y14A      1    0.55   -1.21    0.00          0    0.00    0.00    0.00          0    0.00    0.00          0    0.00    0.00
    GMR       1    2.11   -0.11    0.00          0    0.00    0.00    0.00          0    0.00    0.00          0    0.00    0.00
    X18A      1    0.98    0.97    0.00          0    0.00    0.00    0.00          0    0.00    0.00          0    0.00    0.00
    GLA       1    0.44   -0.98    0.00          0    0.00    0.00    0.00          0    0.00    0.00          0    0.00    0.00
