1
                                                                                        



 ***** PROGRAM: HYPO71PC (Version 1: 11/29/85) *****


             TEST(1)  TEST(2)  TEST(3)  TEST(4)  TEST(5)  TEST(6)  TEST(7)  TEST(8)  TEST(9) TEST(10) TEST(11) TEST(12) TEST(13)
 STANDARD    0.1000  10.0000   2.0000   0.0500   5.0000   4.0000  -0.8700   2.0000   0.0035 100.0000   8.0000   0.5000   1.0000

    L     STN     LAT     LONG    ELV DELAY     FMGC  XMGC KL  PRR  CALR IC      DATE HRMN
    1    EKU  37 4.50N 11229.82W    0  0.30     0.00   0.00 0 0.00   0.00 0          0   0
    2    U15A 3625.80N 11217.40W    0  0.50     0.00   0.00 0 0.00   0.00 0          0   0
    3    GCN  36 2.64N 112 7.68W    0 -0.80     0.00   0.00 0 0.00   0.00 0          0   0
    4    BHU  3735.40N 11251.60W    0  0.00     0.00   0.00 0 0.00   0.00 0          0   0
    5    ICU  37 9.00N 11355.44N    0 -2.00     0.00   0.00 0 0.00   0.00 0          0   0
    6    CCAZ 3539.24N 11212.96W    0 -1.00     0.00   0.00 0 0.00   0.00 0          0   0
    7    BTU  3745.60N 11152.20W    0  0.00     0.00   0.00 0 0.00   0.00 0          0   0
    8    WMZ  35 9.36N 11219.56W    0  0.00     0.00   0.00 0 0.00   0.00 0          0   0
    9    WUAZ 3531.20N 11122.20W    0  0.00     0.00   0.00 0 0.00   0.00 0          0   0
   10    SHP  3630.60N 115 9.60W    0 -3.00     0.00   0.00 0 0.00   0.00 0          0   0
   11    W13A 35 6.00N 11353.40W    0 -3.00     0.00   0.00 0 0.00   0.00 0          0   0
   12    FLAG 3510.51N 11136.91W    0  0.00     0.00   0.00 0 0.00   0.00 0          0   0
   13    X16A 3425.20N 11157.00W    0  0.00     0.00   0.00 0 0.00   0.00 0          0   0
   14    Y14A 3356.40N 113 0.00W    0 -2.80     0.00   0.00 0 0.00   0.00 0          0   0
   15    GMR  3720.04N 11542.66W    0  3.00     0.00   0.00 0 0.00   0.00 0          0   0
   16    X18A 3431.80N 10957.00W    0  3.00     0.00   0.00 0 0.00   0.00 0          0   0
   17    GLA  33 3.00N 11449.30W    0 -4.00     0.00   0.00 0 0.00   0.00 0          0   0



       CRUSTAL MODEL 1
     VELOCITY     DEPTH
        4.700     0.000
        6.200     1.500
        6.800    28.000
        7.850    40.000



KS Z XNEAR XFAR  POS   IQ  KMS  KFM IPUN IMAG   IR IPRN CODE   LATR      LONR
 0 10. 300. 990. 1.78    4    0    0    0    1    0    101111  37  0.00 112  0.00
1

                                                                                                                9/ 9/ 4    11:47

                                                             ADJUSTMENTS (KM)  PARTIAL F-VALUES  STANDARD ERRORS  ADJUSTMENTS TAKEN
  I  ORIG  LAT N    LONG W   DEPTH  DM  RMS AVRPS SKD   CF   DLAT  DLON    DZ  DLAT  DLON    DZ  DLAT  DLON    DZ  DLAT  DLON    DZ
  1 51.54 37- 0.00 112- 0.00 10.00* 45 5.58  0.00 D0C  2.00-26.63 47.93  0.00 16.64 30.99  0.00  6.53  8.61  0.00-26.63 47.93  0.00
  2 57.28 36-45.60 112-32.31 10.00* 35 2.45 -2.02 D0C  2.00 -6.53 13.62  0.00  6.37 14.94  0.00  2.59  3.52  0.00 -6.53 13.62  0.00
  3 55.68 36-42.07 112-41.46 10.00  45 1.82 -0.10 D0C  2.00  0.00  0.00-11.00 -1.00  0.92  8.23  0.00  0.00  3.83  0.00  0.00 -3.67
  4 55.43 36-42.07 112-41.46  6.33  45 1.71 -0.01 D0C  2.00  0.00  0.00 -8.15 -1.00  0.94  4.07  0.00  0.00  4.04  0.00  0.00 -4.07
  5 55.22 36-42.07 112-41.46  2.26  45 1.61  0.01 D0C  2.00 -3.51  5.58-14.42  3.12  4.63  7.86  1.99  2.59  5.14 -3.51  5.58 -1.13
  5 55.21 36-40.17 112-45.20  1.13  49 1.67 -0.07 D0C  2.00  0.00  0.00  0.00 -1.00 -1.00 -1.00  0.00  0.00  0.00  0.70 -1.12  0.23
  5 55.21 36-40.55 112-44.45  1.35  49 1.63 -0.03 D0C  2.00  0.00  0.00  0.00 -1.00 -1.00 -1.00  0.00  0.00  0.00  0.70 -1.12  0.23
  6 55.22 36-40.93 112-43.70  1.58* 48 1.60 -0.01 D3C  0.50  0.55  0.00  0.00  0.09 -1.00 -1.00  1.87  0.00  0.00  0.00  0.00  0.00
  6 55.21 36-40.93 112-43.70  1.58  48 1.60  0.00 D2C  2.00 -0.73  1.41-13.39  0.16  0.36  7.52  1.86  2.35  4.88  0.00  0.00  0.00


  DATE    ORIGIN    LAT N    LONG W    DEPTH    MAG NO DM GAP M  RMS  ERH  ERZ Q SQD  ADJ IN NR  AVR  AAR NM AVXM SDXM NF AVFM SDFM I
  90904 1147 55.21 36-40.93 112-43.70   1.58        31 48  68 1 1.60  3.0  4.9 D D|C 1.34 10 32 0.00 0.85  0  0.0  0.0  0  0.0  0.0 6

  STN  DIST AZM AIN PRMK HRMN P-SEC TPOBS TPCAL DLY/H1 P-RES P-WT AMX PRX CALX K XMAG RMK FMP FMAG SRMK S-SEC TSOBS S-RES  S-WT    DT
 U15A  48.2 125  90 IP 0 1147 63.90  8.69  7.98  0.50  0.21  1.05   0  0  0.00 0                   3ES  70.70 15.49  0.39   1.1      
 EKU   48.2  25  90 IP 0 1147 63.30  8.09  7.99  0.30 -0.20  1.69   0  0  0.00 0                   0                                 
 GCN   89.0 143  90 IP 0 1147 69.20 13.99 14.56 -0.80  0.23  0.56   0  0  0.00 0                   9ES  79.70 24.49 -0.01   0.6      
 BHU  101.4 353  90 IP 0 1147 71.40 16.19 16.57  0.00 -0.38  1.69   0  0  0.00 0                   5ES  83.30 28.09 -1.40   1.7      
 ICU  118.5  64  90 IP 0 1147 71.90 16.69 19.32 -2.00 -0.64  1.05   0  0  0.00 0                   5ES  84.50 29.29 -1.55   1.0      
 CCAZ 123.1 158  90 IP 0 1147 74.30 19.09 20.06 -1.00  0.03  0.56   0  0  0.00 0                   4ES  88.70 33.49 -0.43   0.6      
 BTU  141.8  32  90 IP 0 1147 78.70 23.49 23.08  0.00  0.41  1.69   0  0  0.00 0                   4ES  96.40 41.19  0.10   1.7      
 WMZ  173.2 168  90 IP 0 1147 82.80 27.59 28.14  0.00 -0.55  0.56   0  0  0.00 0                   7ES 103.50 48.29 -1.80   0.6      
 WUAZ 177.7 137  90 IP 0 1147 83.80 28.59 28.88  0.00 -0.29  1.05   0  0  0.00 0                   4ES 105.90 50.69 -0.71   1.1      
 FLAG 195.1 149  90 IP 0 1147 86.90 31.69 31.67  0.00  0.02  0.56   0  0  0.00 0                   3ES 109.30 54.09 -2.29   0.6      
 W13A 204.5 211  90 IP 0 1147 84.80 29.59 33.19 -3.00 -0.60  0.56   0  0  0.00 0                   2ES 109.20 53.99  0.25   0.6      
 SHP  218.4 265  52 IP 0 1147 86.20 30.99 35.08 -3.00 -1.09  2.08   0  0  0.00 0                   3ES 114.00 58.79  1.69   2.1      
 X16A 260.7 164  52 IP 0 1147 95.90 40.69 40.47  0.00  0.22  0.56   0  0  0.00 0                   4ES 131.90 76.69  4.66   0.5      
 GMR  275.1 285  52 IP 0 1147100.80 45.59 42.30  3.00  0.28  2.11   0  0  0.00 0                   0ES 147.80 92.59 11.95** 0.3      
 Y14A 305.2 185  52 IP 0 1147 97.70 42.49 46.14 -2.80 -0.85  0.56   0  0  0.00 0                   0                                 
 X18A 347.0 133  52 IP 0 1147110.60 55.39 51.46  3.00  0.93  0.98   0  0  0.00 0                   7ES 151.70 96.49 -0.44   1.0      
 GLA  446.1 205  52 IP 0 1147114.80 59.59 64.08 -4.00 -0.49  0.44   0  0  0.00 0                   9ES 177.10121.89 14.94** 0.0      
     41.47     44.37      0.58     -0.23      1.51           -0.09
     41.47     43.03      0.58     -0.22      1.47                             -0.13
     41.47     44.37      2.58     -0.01      1.56             ( -0.04)
     41.47     43.03      2.58      0.01      1.51                               ( -0.08)

     40.93     43.70      0.00     -0.30      1.57                    -0.02
                                              1.60                       0.00
     40.93     43.70      3.31      0.08      1.65                      (  0.06)

     40.39     44.37      0.58     -0.18      1.62            0.02
     40.39     43.03      0.58     -0.17      1.59                             -0.01
     40.39     44.37      2.58      0.05      1.67             (  0.07)
     40.39     43.03      2.58      0.06      1.64                               (  0.04)



 ***** EXTRA BLANK CARD ENCOUNTERED *****
1 ***** CLASS:     A     B     C     D TOTAL *****

       NUMBER:   0.0   0.0   0.0   1.0   1.0

            %:   0.0   0.0   0.0 100.0



          TRAVELTIME RESIDUALS (MODEL=1)     TRAVELTIME RESIDUALS (MODEL=2)     X-MAGNITUDE RESIDUALS      F-MAGNITUDE RESIDUALS
 STATION   NRES    SRWT   AVRES   SDRES       NRES    SRWT   AVRES   SDRES        NXM    AVXM    SDXM        NFM    AVFM    SDFM
    EKU       1    1.69   -0.20    0.00          0    0.00    0.00    0.00          0    0.00    0.00          0    0.00    0.00
    U15A      1    1.05    0.21    0.00          0    0.00    0.00    0.00          0    0.00    0.00          0    0.00    0.00
    GCN       1    0.56    0.23    0.00          0    0.00    0.00    0.00          0    0.00    0.00          0    0.00    0.00
    BHU       1    1.69   -0.38    0.00          0    0.00    0.00    0.00          0    0.00    0.00          0    0.00    0.00
    ICU       1    1.05   -0.64    0.00          0    0.00    0.00    0.00          0    0.00    0.00          0    0.00    0.00
    CCAZ      1    0.56    0.03    0.00          0    0.00    0.00    0.00          0    0.00    0.00          0    0.00    0.00
    BTU       1    1.69    0.41    0.00          0    0.00    0.00    0.00          0    0.00    0.00          0    0.00    0.00
    WMZ       1    0.56   -0.55    0.00          0    0.00    0.00    0.00          0    0.00    0.00          0    0.00    0.00
    WUAZ      1    1.05   -0.29    0.00          0    0.00    0.00    0.00          0    0.00    0.00          0    0.00    0.00
    SHP       1    2.08   -1.09    0.00          0    0.00    0.00    0.00          0    0.00    0.00          0    0.00    0.00
    W13A      1    0.56   -0.60    0.00          0    0.00    0.00    0.00          0    0.00    0.00          0    0.00    0.00
    FLAG      1    0.56    0.02    0.00          0    0.00    0.00    0.00          0    0.00    0.00          0    0.00    0.00
    X16A      1    0.56    0.22    0.00          0    0.00    0.00    0.00          0    0.00    0.00          0    0.00    0.00
    Y14A      1    0.56   -0.85    0.00          0    0.00    0.00    0.00          0    0.00    0.00          0    0.00    0.00
    GMR       1    2.11    0.28    0.00          0    0.00    0.00    0.00          0    0.00    0.00          0    0.00    0.00
    X18A      1    0.98    0.93    0.00          0    0.00    0.00    0.00          0    0.00    0.00          0    0.00    0.00
    GLA       1    0.44   -0.49    0.00          0    0.00    0.00    0.00          0    0.00    0.00          0    0.00    0.00
