1
                                                                                        



 ***** PROGRAM: HYPO71PC (Version 1: 11/29/85) *****


             TEST(1)  TEST(2)  TEST(3)  TEST(4)  TEST(5)  TEST(6)  TEST(7)  TEST(8)  TEST(9) TEST(10) TEST(11) TEST(12) TEST(13)
 STANDARD    0.1000  10.0000   2.0000   0.0500   5.0000   4.0000  -0.8700   2.0000   0.0035 100.0000   8.0000   0.5000   1.0000

    L     STN     LAT     LONG    ELV DELAY     FMGC  XMGC KL  PRR  CALR IC      DATE HRMN
    1    EKU  37 4.50N 11229.82W    0  0.00     0.00   0.00 0 0.00   0.00 0          0   0
    2    U15A 3625.80N 11217.40W    0  0.00     0.00   0.00 0 0.00   0.00 0          0   0
    3    GCN  36 2.64N 112 7.68W    0  0.00     0.00   0.00 0 0.00   0.00 0          0   0
    4    BHU  3735.40N 11251.60W    0  0.00     0.00   0.00 0 0.00   0.00 0          0   0
    5    ICU  37 9.00N 11355.44N    0  0.00     0.00   0.00 0 0.00   0.00 0          0   0
    6    CCAZ 3539.24N 11212.96W    0  0.00     0.00   0.00 0 0.00   0.00 0          0   0
    7    BTU  3745.60N 11152.20W    0  0.00     0.00   0.00 0 0.00   0.00 0          0   0
    8    WMZ  35 9.36N 11219.56W    0  0.00     0.00   0.00 0 0.00   0.00 0          0   0
    9    WUAZ 3531.20N 11122.20W    0  0.00     0.00   0.00 0 0.00   0.00 0          0   0
   10    SHP  3630.60N 115 9.60W    0  0.00     0.00   0.00 0 0.00   0.00 0          0   0
   11    W13A 35 6.00N 11353.40W    0  0.00     0.00   0.00 0 0.00   0.00 0          0   0
   12    X16A 3425.20N 11157.00W    0  0.00     0.00   0.00 0 0.00   0.00 0          0   0
   13    Y14A 3356.40N 113 0.00W    0  0.00     0.00   0.00 0 0.00   0.00 0          0   0
   14    GMR  3720.04N 11542.66W    0  0.00     0.00   0.00 0 0.00   0.00 0          0   0
   15    X18A 3431.80N 10957.00W    0  0.00     0.00   0.00 0 0.00   0.00 0          0   0
   16    GLA  33 3.00N 11449.30W    0  0.00     0.00   0.00 0 0.00   0.00 0          0   0



       CRUSTAL MODEL 1
     VELOCITY     DEPTH
        4.700     0.000
        6.200     1.000
        6.400    12.000
        6.800    27.000
        7.850    40.000



KS Z XNEAR XFAR  POS   IQ  KMS  KFM IPUN IMAG   IR IPRN CODE   LATR      LONR
 0 10. 300. 990. 1.78    4    0    0    0    1    0    101111  37  0.00 112  0.00
1

                                                                                                                9/ 9/ 4    11:47

                                                             ADJUSTMENTS (KM)  PARTIAL F-VALUES  STANDARD ERRORS  ADJUSTMENTS TAKEN
  I  ORIG  LAT N    LONG W   DEPTH  DM  RMS AVRPS SKD   CF   DLAT  DLON    DZ  DLAT  DLON    DZ  DLAT  DLON    DZ  DLAT  DLON    DZ
  1 51.66 37- 0.00 112- 0.00 10.00* 45 7.86  0.00 D0C  2.00-35.57 60.08  0.00 21.25 29.25  0.00  7.72 11.11  0.00-35.57 60.08  0.00
  2 58.24 36-40.77 112-40.50 10.00* 44 4.04 -2.51 D1C  0.50  0.00  5.93  0.00  0.08  0.87 -1.00  0.00  6.37  0.00  0.00  5.93  0.00
  2 55.62 36-40.77 112-44.47 10.00* 49 4.81  0.44 D1C  0.50  0.00  0.00  0.00 -1.00 -1.00 -1.00  0.00  0.00  0.00  0.00 -1.19  0.00
  3 55.64 36-40.77 112-43.68 10.00  48 3.97 -0.02 D0C  2.00  0.00  0.00-17.76  0.17 -1.00  2.62  0.00  0.00 10.97  0.00  0.00 -4.44
  3 55.33 36-40.77 112-43.68  5.56  48 4.75  0.46 D0C  2.00  0.00  0.00  0.00 -1.00 -1.00 -1.00  0.00  0.00  0.00  0.00  0.00  0.89
  3 55.39 36-40.77 112-43.68  6.45  48 4.77  0.46 D0C  2.00  0.00  0.00  0.00 -1.00 -1.00 -1.00  0.00  0.00  0.00  0.00  0.00  0.89
  3 55.44 36-40.77 112-43.68  7.34  48 4.79  0.46 D0C  2.00  0.00  0.00  0.00 -1.00 -1.00 -1.00  0.00  0.00  0.00  0.00  0.00  0.89
  3 55.50 36-40.77 112-43.68  8.22  48 4.81  0.46 D0C  2.00  0.00  0.00  0.00 -1.00 -1.00 -1.00  0.00  0.00  0.00  0.00  0.00  0.89
  4 55.56 36-40.77 112-43.68  9.11* 48 4.83  0.46 D3C  0.50  0.00 -3.18  0.00 -1.00  0.22 -1.00  0.00  6.72  0.00  0.00  0.00  0.00
  4 56.02 36-40.77 112-43.68  9.11  48 4.83  0.00 D2C  2.00 -5.90 10.36-38.84  0.82  1.30  4.54  6.52  9.08 18.23  0.00  0.00  0.00


  DATE    ORIGIN    LAT N    LONG W    DEPTH    MAG NO DM GAP M  RMS  ERH  ERZ Q SQD  ADJ IN NR  AVR  AAR NM AVXM SDXM NF AVFM SDFM I
  90904 1147 56.02 36-40.77 112-43.68   9.11        31 48  68 1 4.83 11.2 18.2 D D|C 0.89 10 32 0.00 2.93  0  0.0  0.0  0  0.0  0.0 4

  STN  DIST AZM AIN PRMK HRMN P-SEC TPOBS TPCAL DLY/H1 P-RES P-WT AMX PRX CALX K XMAG RMK FMP FMAG SRMK S-SEC TSOBS S-RES  S-WT    DT
 U15A  48.0 125 100 IP 0 1148  3.94  7.92  7.99  0.00 -0.08  1.69   0  0  0.00 0                   ES 2 10.73 14.71  0.48   0.8      
 EKU   48.5  25 100 IP 2 1148  3.32  7.30  8.07  0.00 -0.77  1.12   0  0  0.00 0                   ES 3 12.02 16.00  1.63   0.6      
 GCN   88.7 143  95 IP 0 1148  9.28 13.26 14.51  0.00 -1.25  0.96   0  0  0.00 0                   ES 2 19.79 23.77 -2.06   0.5      
 BHU  101.7 353  76 IP 2 1148 11.42 15.40 16.59  0.00 -1.20  1.12   0  0  0.00 0                   ES 2 23.35 27.33 -2.21   1.1      
 ICU  118.7  64  76 IP 3 1148 11.96 15.94 19.24  0.00 -3.31  0.42   0  0  0.00 0                   ES 2 24.55 28.53 -5.73   0.8      
 CCAZ 122.8 158  76 IP 2 1148 14.37 18.35 19.88  0.00 -1.53  0.48   0  0  0.00 0                   ES 2 28.74 32.72 -2.67   0.5      
 BTU  142.1  32  76 IP 0 1148 18.75 22.73 22.90  0.00 -0.17  2.25   0  0  0.00 0                   ES 2 36.44 40.42 -0.34   1.1      
 WMZ  172.9 168  76 IP 0 1148 22.83 26.81 27.71  0.00 -0.91  0.96   0  0  0.00 0                   ES 2 43.57 47.55 -1.78   0.5      
 WUAZ 177.5 136  76 IP 0 1148 23.82 27.80 28.43  0.00 -0.64  1.69   0  0  0.00 0                   ES 2 45.94 49.92 -0.70   0.8      
 W13A 204.3 211  52 IP 3 1148 24.84 28.82 32.19  0.00 -3.37  0.24   0  0  0.00 0                   ES 2 49.22 53.20 -4.10   0.5      
 SHP  218.4 265  52 IP 0 1148 26.28 30.26 34.00  0.00 -3.74  3.37   0  0  0.00 0                   ES 2 54.03 58.01 -2.51   1.7      
 X16A 260.4 164  52 IP 0 1148 35.94 39.92 39.34  0.00  0.57  0.96   0  0  0.00 0                   ES 2 71.94 75.92  5.89   0.5      
 GMR  275.3 285  52 IP 2 1148 40.86 44.84 41.24  0.00  3.60  1.69   0  0  0.00 0                   ES 2 87.80 91.78 18.38   1.5      
 Y14A 304.9 185  52 IP 0 1148 37.75 41.73 45.01  0.00 -3.29  0.96   0  0  0.00 0                   ES 3 80.49 84.47  4.34   0.2      
 X18A 346.8 133  52 IP 3 1148 50.66 54.64 50.34  0.00  4.30  0.39   0  0  0.00 0                   ES 2 91.77 95.75  6.14   0.8      
 GLA  445.8 205  52 IP 0 1148 54.86 58.84 62.96  0.00 -4.13  0.76   0  0  0.00 0                   ES 2 17.19 21.17-90.91** 0.0      
     41.31     44.35      8.11     -0.12      4.77           -0.06
     41.31     43.01      8.11     -0.08      4.81                             -0.02
     41.31     44.35     10.11      0.02      4.82             ( -0.01)
     41.31     43.01     10.11      0.05      4.85                               (  0.02)

     40.77     43.68      7.38     -0.11      4.79                    -0.04
                                              4.83                       0.00
     40.77     43.68     10.84      0.09      4.81                      ( -0.02)

     40.23     44.35      8.11     -0.08      4.75           -0.07
     40.23     43.01      8.11     -0.05      4.79                             -0.04
     40.23     44.35     10.11      0.05      4.80             ( -0.03)
     40.23     43.01     10.11      0.09      4.83                               (  0.01)



 ***** EXTRA BLANK CARD ENCOUNTERED *****
1 ***** CLASS:     A     B     C     D TOTAL *****

       NUMBER:   0.0   0.0   0.0   1.0   1.0

            %:   0.0   0.0   0.0 100.0



          TRAVELTIME RESIDUALS (MODEL=1)     TRAVELTIME RESIDUALS (MODEL=2)     X-MAGNITUDE RESIDUALS      F-MAGNITUDE RESIDUALS
 STATION   NRES    SRWT   AVRES   SDRES       NRES    SRWT   AVRES   SDRES        NXM    AVXM    SDXM        NFM    AVFM    SDFM
    EKU       1    1.12   -0.77    0.00          0    0.00    0.00    0.00          0    0.00    0.00          0    0.00    0.00
    U15A      1    1.69   -0.08    0.00          0    0.00    0.00    0.00          0    0.00    0.00          0    0.00    0.00
    GCN       1    0.96   -1.25    0.00          0    0.00    0.00    0.00          0    0.00    0.00          0    0.00    0.00
    BHU       1    1.12   -1.20    0.00          0    0.00    0.00    0.00          0    0.00    0.00          0    0.00    0.00
    ICU       1    0.42   -3.31    0.00          0    0.00    0.00    0.00          0    0.00    0.00          0    0.00    0.00
    CCAZ      1    0.48   -1.53    0.00          0    0.00    0.00    0.00          0    0.00    0.00          0    0.00    0.00
    BTU       1    2.25   -0.17    0.00          0    0.00    0.00    0.00          0    0.00    0.00          0    0.00    0.00
    WMZ       1    0.96   -0.91    0.00          0    0.00    0.00    0.00          0    0.00    0.00          0    0.00    0.00
    WUAZ      1    1.69   -0.64    0.00          0    0.00    0.00    0.00          0    0.00    0.00          0    0.00    0.00
    SHP       1    3.37   -3.74    0.00          0    0.00    0.00    0.00          0    0.00    0.00          0    0.00    0.00
    W13A      1    0.24   -3.37    0.00          0    0.00    0.00    0.00          0    0.00    0.00          0    0.00    0.00
    X16A      1    0.96    0.57    0.00          0    0.00    0.00    0.00          0    0.00    0.00          0    0.00    0.00
    Y14A      1    0.96   -3.29    0.00          0    0.00    0.00    0.00          0    0.00    0.00          0    0.00    0.00
    GMR       1    1.69    3.60    0.00          0    0.00    0.00    0.00          0    0.00    0.00          0    0.00    0.00
    X18A      1    0.39    4.30????????          0    0.00    0.00    0.00          0    0.00    0.00          0    0.00    0.00
    GLA       1    0.76   -4.13    0.00          0    0.00    0.00    0.00          0    0.00    0.00          0    0.00    0.00
