1
                                                                                        



 ***** PROGRAM: HYPO71PC (Version 1: 11/29/85) *****


             TEST(1)  TEST(2)  TEST(3)  TEST(4)  TEST(5)  TEST(6)  TEST(7)  TEST(8)  TEST(9) TEST(10) TEST(11) TEST(12) TEST(13)
 STANDARD    0.1000  10.0000   2.0000   0.0500   5.0000   4.0000  -0.8700   2.0000   0.0035 100.0000   8.0000   0.5000   1.0000

    L     STN     LAT     LONG    ELV DELAY     FMGC  XMGC KL  PRR  CALR IC      DATE HRMN
    1    EKU  37 4.50N 11229.82W    0  0.00     0.00   0.00 0 0.00   0.00 0          0   0
    2    U15A 3625.80N 11217.40W    0  0.00     0.00   0.00 0 0.00   0.00 0          0   0
    3    GCN  36 2.64N 112 7.68W    0  0.00     0.00   0.00 0 0.00   0.00 0          0   0
    4    BHU  3735.40N 11251.60W    0  0.00     0.00   0.00 0 0.00   0.00 0          0   0
    5    ICU  37 9.00N 11355.44N    0  0.00     0.00   0.00 0 0.00   0.00 0          0   0
    6    CCAZ 3539.24N 11212.96W    0  0.00     0.00   0.00 0 0.00   0.00 0          0   0
    7    BTU  3745.60N 11152.20W    0  0.00     0.00   0.00 0 0.00   0.00 0          0   0
    8    WMZ  35 9.36N 11219.56W    0  0.00     0.00   0.00 0 0.00   0.00 0          0   0
    9    WUAZ 3531.20N 11122.20W    0  0.00     0.00   0.00 0 0.00   0.00 0          0   0
   10    SHP  3630.60N 115 9.60W    0  0.00     0.00   0.00 0 0.00   0.00 0          0   0
   11    W13A 35 6.00N 11353.40W    0  0.00     0.00   0.00 0 0.00   0.00 0          0   0
   12    X16A 3425.20N 11157.00W    0  0.00     0.00   0.00 0 0.00   0.00 0          0   0
   13    Y14A 3356.40N 113 0.00W    0  0.00     0.00   0.00 0 0.00   0.00 0          0   0
   14    GMR  3720.04N 11542.66W    0  0.00     0.00   0.00 0 0.00   0.00 0          0   0
   15    X18A 3431.80N 10957.00W    0  0.00     0.00   0.00 0 0.00   0.00 0          0   0
   16    GLA  33 3.00N 11449.30W    0  0.00     0.00   0.00 0 0.00   0.00 0          0   0



       CRUSTAL MODEL 1
     VELOCITY     DEPTH
        4.700     0.000
        6.200     1.000
        6.400    12.000
        6.800    27.000
        7.850    40.000



KS Z XNEAR XFAR  POS   IQ  KMS  KFM IPUN IMAG   IR IPRN CODE   LATR      LONR
 0 10. 300. 990. 1.78    4    0    0    0    1    0    101111  36  0.00 112  0.00
1

                                                                                                                9/ 9/ 4    11:47

                                                             ADJUSTMENTS (KM)  PARTIAL F-VALUES  STANDARD ERRORS  ADJUSTMENTS TAKEN
  I  ORIG  LAT N    LONG W   DEPTH  DM  RMS AVRPS SKD   CF   DLAT  DLON    DZ  DLAT  DLON    DZ  DLAT  DLON    DZ  DLAT  DLON    DZ
  1 57.62 36- 0.00 112- 0.00 10.00* 1314.55  0.00 D0B  2.00 67.33 36.85  0.00 30.63  3.82  0.00 12.17 18.87  0.00 67.33 36.85  0.00
  2 58.96 36-36.41 112-24.52 10.00* 22 5.36 -2.56 D0C  2.00  0.00 35.38  0.00  0.95 24.08 -1.00  0.00  7.21  0.00  0.00 35.38  0.00
  3 56.72 36-36.41 112-48.25 10.00  50 4.81 -0.50 D0D  2.00  0.00  0.00-35.47 -1.00  0.10  8.29  0.00  0.00 12.32  0.00  0.00 -4.43
  4 55.92 36-36.41 112-48.25  5.57  50 4.66  0.02 D0D  2.00  0.00  0.00-38.26 -1.00  0.16 11.04  0.00  0.00 11.51  0.00  0.00 -4.78
  5 55.65 36-36.41 112-48.25  0.78  50 4.56  0.01 D0D  2.00  0.00  0.00-28.75 -1.00  0.64  4.64  0.00  0.00 13.35  0.00  0.00 -0.39
  6 55.58 36-36.41 112-48.25  0.39* 50 4.55  0.00 D1D  0.50  4.23 -8.45  0.00  0.51  1.74  0.00  5.92  6.42  0.00  4.23 -8.45  0.00
  7 55.56 36-38.70 112-42.58  0.39  45 4.47  0.04 D0C  2.00  0.00  0.00-23.51 -1.00  0.30  3.12  0.00  0.00 13.31  0.00  0.00 -0.20
  8 55.56 36-38.70 112-42.58  0.20* 45 4.47  0.00 D3C  0.50  0.90  0.00  0.00  0.02 -1.00 -1.00  5.72  0.00  0.00  0.00  0.00  0.00
  8 55.56 36-38.70 112-42.58  0.20  45 4.47  0.00 D2C  2.00 -0.50  3.56-25.30  0.01  0.29  3.15  5.81  6.58 14.24  0.00  0.00  0.00


  DATE    ORIGIN    LAT N    LONG W    DEPTH    MAG NO DM GAP M  RMS  ERH  ERZ Q SQD  ADJ IN NR  AVR  AAR NM AVXM SDXM NF AVFM SDFM I
  90904 1147 55.56 36-38.70 112-42.58   0.20        31 45  67 1 4.47  8.8 14.2 D D|C 0.20 10 32 0.00 2.85  0  0.0  0.0  0  0.0  0.0 8

  STN  DIST AZM AIN PRMK HRMN P-SEC TPOBS TPCAL DLY/H1 P-RES P-WT AMX PRX CALX K XMAG RMK FMP FMAG SRMK S-SEC TSOBS S-RES  S-WT    DT
 U15A  44.5 122  49 IP 0 1148  3.94  8.38  7.43  0.00  0.95  1.52   0  0  0.00 0                   ES 2 10.73 15.17  1.95   0.8      
 EKU   51.4  22  49 IP 0 1148  3.32  7.76  8.53  0.00 -0.77  2.03   0  0  0.00 0                   ES 3 12.02 16.46  1.27   0.5      
 GCN   84.7 142  49 IP 0 1148  9.28 13.72 13.91  0.00 -0.19  0.87   0  0  0.00 0                   ES 2 19.79 24.23 -0.53   0.4      
 BHU  105.7 353  49 IP 2 1148 11.42 15.86 17.30  0.00 -1.44  1.01   0  0  0.00 0                   ES 2 23.35 27.79 -3.01   1.0      
 CCAZ 118.6 158  49 IP 0 1148 14.37 18.81 19.38  0.00 -0.57  0.87   0  0  0.00 0                   ES 2 28.74 33.18 -1.31   0.4      
 ICU  121.9  63  49 IP 3 1148 11.96 16.40 19.91  0.00 -3.51  0.38   0  0  0.00 0                   ES 2 24.55 28.99 -6.45   0.8      
 BTU  144.5  31  49 IP 0 1148 18.75 23.19 23.55  0.00 -0.36  2.03   0  0  0.00 0                   ES 2 36.44 40.88 -1.04   1.0      
 WMZ  168.8 168  49 IP 0 1148 22.83 27.27 27.48  0.00 -0.21  0.87   0  0  0.00 0                   ES 2 43.57 48.01 -0.90   0.4      
 WUAZ 173.6 136  49 IP 0 1148 23.82 28.26 28.25  0.00  0.01  1.52   0  0  0.00 0                   ES 2 45.94 50.38  0.09   0.8      
 W13A 201.9 212  47 IP 3 1148 24.84 29.28 32.68  0.00 -3.40  0.22   0  0  0.00 0                   ES 2 49.22 53.66 -4.51   0.4      
 SHP  219.8 266  37 IP 0 1148 26.28 30.72 35.11  0.00 -4.39  3.04   0  0  0.00 0                   ES 2 54.03 58.47 -4.03   1.5      
 X16A 256.3 164  37 IP 0 1148 35.94 40.38 39.76  0.00  0.62  0.87   0  0  0.00 0                   ES 2 71.94 76.38  5.61   0.4      
 GMR  277.9 286  37 IP 0 1148 40.86 45.30 42.51  0.00  2.79  3.04   0  0  0.00 0                   ES 2 87.80 92.24 16.57   1.4      
 Y14A 301.3 185  37 IP 0 1148 37.75 42.19 45.49  0.00 -3.29  0.87   0  0  0.00 0                   ES 3 80.49 84.93  3.97   0.2      
 X18A 343.0 133  37 IP 3 1148 50.66 55.10 50.80  0.00  4.30  0.36   0  0  0.00 0                   ES 2 91.77 96.21  5.79   0.7      
 GLA  443.1 206  37 IP 0 1148 54.86 59.30 63.56  0.00 -4.26  0.69   0  0  0.00 0                   ES 2 17.19 21.63-91.50** 0.0      
     39.24     43.25      0.00     -0.06      4.43           -0.04
     39.24     41.91      0.00     -0.05      4.47                              0.00
     39.24     43.25      1.20      0.14      4.45             ( -0.01)
     39.24     41.91      1.20      0.15      4.49                               (  0.02)

     38.70     42.58      0.00     -0.04      4.46                     0.00
                                              4.47                       0.00
     38.70     42.58      1.93      0.19      4.47                      (  0.01)

     38.16     43.25      0.00     -0.04      4.44           -0.03
     38.16     41.91      0.00     -0.03      4.48                              0.01
     38.16     43.25      1.20      0.16      4.46             ( -0.01)
     38.16     41.91      1.20      0.17      4.50                               (  0.03)



 ***** EXTRA BLANK CARD ENCOUNTERED *****
1 ***** CLASS:     A     B     C     D TOTAL *****

       NUMBER:   0.0   0.0   0.0   1.0   1.0

            %:   0.0   0.0   0.0 100.0



          TRAVELTIME RESIDUALS (MODEL=1)     TRAVELTIME RESIDUALS (MODEL=2)     X-MAGNITUDE RESIDUALS      F-MAGNITUDE RESIDUALS
 STATION   NRES    SRWT   AVRES   SDRES       NRES    SRWT   AVRES   SDRES        NXM    AVXM    SDXM        NFM    AVFM    SDFM
    EKU       1    2.03   -0.77    0.00          0    0.00    0.00    0.00          0    0.00    0.00          0    0.00    0.00
    U15A      1    1.52    0.95    0.00          0    0.00    0.00    0.00          0    0.00    0.00          0    0.00    0.00
    GCN       1    0.87   -0.19    0.00          0    0.00    0.00    0.00          0    0.00    0.00          0    0.00    0.00
    BHU       1    1.01   -1.44    0.00          0    0.00    0.00    0.00          0    0.00    0.00          0    0.00    0.00
    ICU       1    0.38   -3.51    0.00          0    0.00    0.00    0.00          0    0.00    0.00          0    0.00    0.00
    CCAZ      1    0.87   -0.57    0.00          0    0.00    0.00    0.00          0    0.00    0.00          0    0.00    0.00
    BTU       1    2.03   -0.36    0.00          0    0.00    0.00    0.00          0    0.00    0.00          0    0.00    0.00
    WMZ       1    0.87   -0.21    0.00          0    0.00    0.00    0.00          0    0.00    0.00          0    0.00    0.00
    WUAZ      1    1.52    0.01    0.00          0    0.00    0.00    0.00          0    0.00    0.00          0    0.00    0.00
    SHP       1    3.04   -4.39    0.00          0    0.00    0.00    0.00          0    0.00    0.00          0    0.00    0.00
    W13A      1    0.22   -3.40    0.00          0    0.00    0.00    0.00          0    0.00    0.00          0    0.00    0.00
    X16A      1    0.87    0.62    0.00          0    0.00    0.00    0.00          0    0.00    0.00          0    0.00    0.00
    Y14A      1    0.87   -3.29    0.00          0    0.00    0.00    0.00          0    0.00    0.00          0    0.00    0.00
    GMR       1    3.04    2.79    0.00          0    0.00    0.00    0.00          0    0.00    0.00          0    0.00    0.00
    X18A      1    0.36    4.30    0.00          0    0.00    0.00    0.00          0    0.00    0.00          0    0.00    0.00
    GLA       1    0.69   -4.26????????          0    0.00    0.00    0.00          0    0.00    0.00          0    0.00    0.00
