1
                                                                                        



 ***** PROGRAM: HYPO71PC (Version 1: 11/29/85) *****


             TEST(1)  TEST(2)  TEST(3)  TEST(4)  TEST(5)  TEST(6)  TEST(7)  TEST(8)  TEST(9) TEST(10) TEST(11) TEST(12) TEST(13)
 STANDARD    0.1000  10.0000   2.0000   0.0500   5.0000   4.0000  -0.8700   2.0000   0.0035 100.0000   8.0000   0.5000   1.0000

    L     STN     LAT     LONG    ELV DELAY     FMGC  XMGC KL  PRR  CALR IC      DATE HRMN
    1    EKU  37 4.50N 11229.82W    0  0.00     0.00   0.00 0 0.00   0.00 0          0   0
    2    U15A 3625.80N 11217.40W    0  0.00     0.00   0.00 0 0.00   0.00 0          0   0
    3    GCN  36 2.64N 112 7.68W    0  0.00     0.00   0.00 0 0.00   0.00 0          0   0
    4    BHU  3735.40N 11251.60W    0  0.00     0.00   0.00 0 0.00   0.00 0          0   0
    5    ICU  37 9.00N 11355.44N    0  0.00     0.00   0.00 0 0.00   0.00 0          0   0
    6    CCAZ 3539.24N 11212.96W    0  0.00     0.00   0.00 0 0.00   0.00 0          0   0
    7    BTU  3745.60N 11152.20W    0  0.00     0.00   0.00 0 0.00   0.00 0          0   0
    8    WMZ  35 9.36N 11219.56W    0  0.00     0.00   0.00 0 0.00   0.00 0          0   0
    9    WUAZ 3531.20N 11122.20W    0  0.00     0.00   0.00 0 0.00   0.00 0          0   0
   10    SHP  3630.60N 115 9.60W    0  0.00     0.00   0.00 0 0.00   0.00 0          0   0
   11    W13A 35 6.00N 11353.40W    0  0.00     0.00   0.00 0 0.00   0.00 0          0   0
   12    X16A 3425.20N 11157.00W    0  0.00     0.00   0.00 0 0.00   0.00 0          0   0
   13    Y14A 3356.40N 113 0.00W    0  0.00     0.00   0.00 0 0.00   0.00 0          0   0
   14    GMR  3720.04N 11542.66W    0  0.00     0.00   0.00 0 0.00   0.00 0          0   0
   15    X18A 3431.80N 10957.00W    0  0.00     0.00   0.00 0 0.00   0.00 0          0   0
   16    GLA  33 3.00N 11449.30W    0  0.00     0.00   0.00 0 0.00   0.00 0          0   0



       CRUSTAL MODEL 1
     VELOCITY     DEPTH
        4.700     0.000
        6.200     2.000
        6.800    29.000
        7.850    40.000



KS Z XNEAR XFAR  POS   IQ  KMS  KFM IPUN IMAG   IR IPRN CODE   LATR      LONR
 0 10. 300. 990. 1.78    4    0    0    0    1    0    101111  37  0.00 112  0.00
1

                                                                                                                9/ 9/ 4    11:47

                                                             ADJUSTMENTS (KM)  PARTIAL F-VALUES  STANDARD ERRORS  ADJUSTMENTS TAKEN
  I  ORIG  LAT N    LONG W   DEPTH  DM  RMS AVRPS SKD   CF   DLAT  DLON    DZ  DLAT  DLON    DZ  DLAT  DLON    DZ  DLAT  DLON    DZ
  1 51.11 37- 0.00 112- 0.00 10.00* 45 7.72  0.00 D0C  2.00-37.18 59.31  0.00 22.30 27.46  0.00  7.87 11.32  0.00-37.18 59.31  0.00
  2 57.94 36-39.90 112-39.97 10.00* 43 3.89 -2.60 D1C  0.50  0.00  7.52  0.00  0.02  1.49 -1.00  0.00  6.16  0.00  0.00  7.52  0.00
  2 55.21 36-39.90 112-45.02 10.00* 49 4.59  0.42 D1C  0.50  0.00  0.00  0.00 -1.00 -1.00 -1.00  0.00  0.00  0.00  0.00 -1.50  0.00
  3 55.24 36-39.90 112-44.01 10.00  48 3.77 -0.04 D0C  2.00  0.00  0.00-17.03  0.24 -1.00  3.64  0.00  0.00  8.93  0.00  0.00 -4.26
  3 55.03 36-39.90 112-44.01  5.74  48 4.51  0.42 D0C  2.00  0.00  0.00  0.00 -1.00 -1.00 -1.00  0.00  0.00  0.00  0.00  0.00  0.85
  3 55.06 36-39.90 112-44.01  6.59  48 4.48  0.41 D0C  2.00  0.00  0.00  0.00 -1.00 -1.00 -1.00  0.00  0.00  0.00  0.00  0.00  0.85
  3 55.10 36-39.90 112-44.01  7.45  48 4.50  0.42 D0C  2.00  0.00  0.00  0.00 -1.00 -1.00 -1.00  0.00  0.00  0.00  0.00  0.00  0.85
  3 55.13 36-39.90 112-44.01  8.30  48 4.52  0.42 D0C  2.00  0.00  0.00  0.00 -1.00 -1.00 -1.00  0.00  0.00  0.00  0.00  0.00  0.85
  4 55.17 36-39.90 112-44.01  9.15* 48 4.55  0.43 D3C  0.50  0.00 -2.85  0.00 -1.00  0.20 -1.00  0.00  6.42  0.00  0.00  0.00  0.00
  4 55.59 36-39.90 112-44.01  9.15  48 4.55  0.00 D2C  2.00 -8.71 14.38-41.76  1.95  2.78  7.68  6.24  8.63 15.07  0.00  0.00  0.00


  DATE    ORIGIN    LAT N    LONG W    DEPTH    MAG NO DM GAP M  RMS  ERH  ERZ Q SQD  ADJ IN NR  AVR  AAR NM AVXM SDXM NF AVFM SDFM I
  90904 1147 55.59 36-39.90 112-44.01   9.15        31 48  68 1 4.55 10.6 15.1 D D|C 0.85 10 32 0.00 2.82  0  0.0  0.0  0  0.0  0.0 4

  STN  DIST AZM AIN PRMK HRMN P-SEC TPOBS TPCAL DLY/H1 P-RES P-WT AMX PRX CALX K XMAG RMK FMP FMAG SRMK S-SEC TSOBS S-RES  S-WT    DT
 U15A  47.5 123  99 IP 0 1148  3.94  8.35  8.03  0.00  0.32  1.54   0  0  0.00 0                   ES 2 10.73 15.14  0.84   0.8      
 EKU   50.2  25  98 IP 0 1148  3.32  7.73  8.45  0.00 -0.73  2.06   0  0  0.00 0                   ES 3 12.02 16.43  1.38   0.5      
 GCN   87.8 142  95 IP 0 1148  9.28 13.69 14.48  0.00 -0.80  0.88   0  0  0.00 0                   ES 2 19.79 24.20 -1.58   0.4      
 BHU  103.3 354  94 IP 2 1148 11.42 15.83 16.98  0.00 -1.15  1.03   0  0  0.00 0                   ES 2 23.35 27.76 -2.46   1.0      
 ICU  119.0  63  94 IP 3 1148 11.96 16.37 19.50  0.00 -3.14  0.39   0  0  0.00 0                   ES 2 24.55 28.96 -5.76   0.8      
 CCAZ 121.5 157  93 IP 0 1148 14.37 18.78 19.90  0.00 -1.13  0.88   0  0  0.00 0                   ES 2 28.74 33.15 -2.28   0.4      
 BTU  143.7  32  93 IP 0 1148 18.75 23.16 23.49  0.00 -0.33  2.06   0  0  0.00 0                   ES 2 36.44 40.85 -0.96   1.0      
 WMZ  171.4 168  92 IP 0 1148 22.83 27.24 27.96  0.00 -0.72  0.88   0  0  0.00 0                   ES 2 43.57 47.98 -1.79   0.4      
 WUAZ 176.7 136  92 IP 0 1148 23.82 28.23 28.81  0.00 -0.58  1.54   0  0  0.00 0                   ES 2 45.94 50.35 -0.93   0.8      
 W13A 202.6 211  52 IP 1 1148 24.84 29.25 32.40  0.00 -3.16  0.66   0  0  0.00 0                   ES 2 49.22 53.63 -4.05   0.4      
 SHP  217.8 265  52 IP 0 1148 26.28 30.69 34.34  0.00 -3.66  3.09   0  0  0.00 0                   ES 2 54.03 58.44 -2.69   1.5      
 X16A 259.0 164  52 IP 0 1148 35.94 40.35 39.59  0.00  0.76  0.88   0  0  0.00 0                   ES 2 71.94 76.35  5.88   0.4      
 GMR  275.2 286  52 IP 1 1148 40.86 45.27 41.66  0.00  3.61  2.31   0  0  0.00 0                   ES 2 87.80 92.21 18.06   1.3      
 Y14A 303.3 185  52 IP 0 1148 37.75 42.16 45.23  0.00 -3.07  0.88   0  0  0.00 0                   ES 3 80.49 84.90  4.39   0.2      
 X18A 346.0 133  52 IP 3 1148 50.66 55.07 50.67  0.00  4.39  0.36   0  0  0.00 0                   ES 2 91.77 96.18  5.98   0.7      
 GLA  444.2 205  52 IP 0 1148 54.86 59.27 63.17  0.00 -3.91  0.70   0  0  0.00 0                   ES 2 17.19 21.60-90.85** 0.0      
     40.44     44.68      8.15     -0.06      4.54           -0.01
     40.44     43.34      8.15     -0.06      4.52                             -0.03
     40.44     44.68     10.15      0.03      4.59             (  0.05)
     40.44     43.34     10.15      0.03      4.57                               (  0.02)

     39.90     44.01      7.42     -0.08      4.50                    -0.05
                                              4.55                       0.00
     39.90     44.01     10.88      0.08      4.59                      (  0.05)

     39.36     44.68      8.15     -0.04      4.53           -0.02
     39.36     43.34      8.15     -0.01      4.56                              0.01
     39.36     44.68     10.15      0.06      4.58             (  0.04)
     39.36     43.34     10.15      0.06      4.56                               (  0.02)



 ***** EXTRA BLANK CARD ENCOUNTERED *****
1 ***** CLASS:     A     B     C     D TOTAL *****

       NUMBER:   0.0   0.0   0.0   1.0   1.0

            %:   0.0   0.0   0.0 100.0



          TRAVELTIME RESIDUALS (MODEL=1)     TRAVELTIME RESIDUALS (MODEL=2)     X-MAGNITUDE RESIDUALS      F-MAGNITUDE RESIDUALS
 STATION   NRES    SRWT   AVRES   SDRES       NRES    SRWT   AVRES   SDRES        NXM    AVXM    SDXM        NFM    AVFM    SDFM
    EKU       1    2.06   -0.73    0.00          0    0.00    0.00    0.00          0    0.00    0.00          0    0.00    0.00
    U15A      1    1.54    0.32    0.00          0    0.00    0.00    0.00          0    0.00    0.00          0    0.00    0.00
    GCN       1    0.88   -0.80    0.00          0    0.00    0.00    0.00          0    0.00    0.00          0    0.00    0.00
    BHU       1    1.03   -1.15    0.00          0    0.00    0.00    0.00          0    0.00    0.00          0    0.00    0.00
    ICU       1    0.39   -3.14    0.00          0    0.00    0.00    0.00          0    0.00    0.00          0    0.00    0.00
    CCAZ      1    0.88   -1.13    0.00          0    0.00    0.00    0.00          0    0.00    0.00          0    0.00    0.00
    BTU       1    2.06   -0.33    0.00          0    0.00    0.00    0.00          0    0.00    0.00          0    0.00    0.00
    WMZ       1    0.88   -0.72    0.00          0    0.00    0.00    0.00          0    0.00    0.00          0    0.00    0.00
    WUAZ      1    1.54   -0.58    0.00          0    0.00    0.00    0.00          0    0.00    0.00          0    0.00    0.00
    SHP       1    3.09   -3.66    0.00          0    0.00    0.00    0.00          0    0.00    0.00          0    0.00    0.00
    W13A      1    0.66   -3.16    0.00          0    0.00    0.00    0.00          0    0.00    0.00          0    0.00    0.00
    X16A      1    0.88    0.76    0.00          0    0.00    0.00    0.00          0    0.00    0.00          0    0.00    0.00
    Y14A      1    0.88   -3.07    0.00          0    0.00    0.00    0.00          0    0.00    0.00          0    0.00    0.00
    GMR       1    2.31    3.61????????          0    0.00    0.00    0.00          0    0.00    0.00          0    0.00    0.00
    X18A      1    0.36    4.39????????          0    0.00    0.00    0.00          0    0.00    0.00          0    0.00    0.00
    GLA       1    0.70   -3.91    0.00          0    0.00    0.00    0.00          0    0.00    0.00          0    0.00    0.00
