1
                                                                                        



 ***** PROGRAM: HYPO71PC (Version 1: 11/29/85) *****


             TEST(1)  TEST(2)  TEST(3)  TEST(4)  TEST(5)  TEST(6)  TEST(7)  TEST(8)  TEST(9) TEST(10) TEST(11) TEST(12) TEST(13)
 STANDARD    0.1000  10.0000   2.0000   0.0500   5.0000   4.0000  -0.8700   2.0000   0.0035 100.0000   8.0000   0.5000   1.0000

    L     STN     LAT     LONG    ELV DELAY     FMGC  XMGC KL  PRR  CALR IC      DATE HRMN
    1    EKU  37 4.50N 11229.82W    0  0.30     0.00   0.00 0 0.00   0.00 0          0   0
    2    U15A 3625.80N 11217.40W    0  0.50     0.00   0.00 0 0.00   0.00 0          0   0
    3    GCN  36 2.64N 112 7.68W    0 -0.80     0.00   0.00 0 0.00   0.00 0          0   0
    4    BHU  3735.40N 11251.60W    0  0.00     0.00   0.00 0 0.00   0.00 0          0   0
    5    ICU  37 9.00N 11355.44N    0 -2.00     0.00   0.00 0 0.00   0.00 0          0   0
    6    CCAZ 3539.24N 11212.96W    0 -1.00     0.00   0.00 0 0.00   0.00 0          0   0
    7    BTU  3745.60N 11152.20W    0  0.00     0.00   0.00 0 0.00   0.00 0          0   0
    8    WMZ  35 9.36N 11219.56W    0  0.00     0.00   0.00 0 0.00   0.00 0          0   0
    9    WUAZ 3531.20N 11122.20W    0  0.00     0.00   0.00 0 0.00   0.00 0          0   0
   10    SHP  3630.60N 115 9.60W    0 -3.00     0.00   0.00 0 0.00   0.00 0          0   0
   11    W13A 35 6.00N 11353.40W    0 -3.00     0.00   0.00 0 0.00   0.00 0          0   0
   12    FLAG 3510.51N 11136.91W    0  0.00     0.00   0.00 0 0.00   0.00 0          0   0
   13    X16A 3425.20N 11157.00W    0  0.00     0.00   0.00 0 0.00   0.00 0          0   0
   14    Y14A 3356.40N 113 0.00W    0 -2.80     0.00   0.00 0 0.00   0.00 0          0   0
   15    GMR  3720.04N 11542.66W    0  3.00     0.00   0.00 0 0.00   0.00 0          0   0
   16    X18A 3431.80N 10957.00W    0  3.00     0.00   0.00 0 0.00   0.00 0          0   0
   17    GLA  33 3.00N 11449.30W    0 -4.00     0.00   0.00 0 0.00   0.00 0          0   0



       CRUSTAL MODEL 1
     VELOCITY     DEPTH
        4.700     0.000
        6.200     1.000
        6.400    17.000
        6.800    29.000
        7.850    40.000



KS Z XNEAR XFAR  POS   IQ  KMS  KFM IPUN IMAG   IR IPRN CODE   LATR      LONR
 0 10. 300. 990. 1.78    4    0    0    0    1    0    101111  37  0.00 112  0.00
1

                                                                                                                9/ 9/ 4    11:47

                                                             ADJUSTMENTS (KM)  PARTIAL F-VALUES  STANDARD ERRORS  ADJUSTMENTS TAKEN
  I  ORIG  LAT N    LONG W   DEPTH  DM  RMS AVRPS SKD   CF   DLAT  DLON    DZ  DLAT  DLON    DZ  DLAT  DLON    DZ  DLAT  DLON    DZ
  1 51.72 37- 0.00 112- 0.00 10.00* 45 5.57  0.00 D0C  2.00-26.37 47.76  0.00 16.23 30.65  0.00  6.54  8.63  0.00-26.37 47.76  0.00
  2 57.42 36-45.75 112-32.19 10.00* 35 2.47 -2.03 D0C  2.00 -6.34 13.40  0.00  5.48 13.66  0.00  2.71  3.63  0.00 -6.34 13.40  0.00
  3 55.79 36-42.32 112-41.20 10.00  44 1.87 -0.04 D0C  2.00  0.00  0.00-11.26 -1.00  1.30  8.53  0.00  0.00  3.86  0.00  0.00 -3.75
  4 55.59 36-42.32 112-41.20  6.25  44 1.65 -0.03 D0C  2.00 -3.21  4.87-13.39  2.25  4.04  8.81  2.14  2.42  4.51 -3.21  4.87 -4.46
  4 55.37 36-40.58 112-44.46  1.78  49 1.68 -0.01 D0C  2.00  0.00  0.00  0.00 -1.00 -1.00 -1.00  0.00  0.00  0.00  0.64 -0.97  0.89
  4 55.41 36-40.93 112-43.81  2.68  48 1.68  0.00 D0C  2.00  0.00  0.00  0.00 -1.00 -1.00 -1.00  0.00  0.00  0.00  0.64 -0.97  0.89
  4 55.44 36-41.28 112-43.16  3.57  47 1.69  0.00 D0C  2.00  0.00  0.00  0.00 -1.00 -1.00 -1.00  0.00  0.00  0.00  0.64 -0.97  0.89
  4 55.48 36-41.63 112-42.50  4.46  46 1.70  0.00 D0C  2.00  0.00  0.00  0.00 -1.00 -1.00 -1.00  0.00  0.00  0.00  0.64 -0.97  0.89
  5 55.52 36-41.97 112-41.85  5.35  45 1.72  0.00 D0C  2.00  0.00  0.00 -9.05  0.61 -1.00  5.02  0.00  0.00  4.04  0.00  0.00 -4.53
  6 55.31 36-41.97 112-41.85  0.83  45 1.60 -0.01 D1C  0.50  0.00  0.00 -6.02  0.31 -1.00  1.57  0.00  0.00  4.80  0.00  0.00 -0.41
  7 55.21 36-41.97 112-41.85  0.41* 45 1.60  0.00 D3C  0.50 -0.67  0.00  0.00  0.13 -1.00 -1.00  1.87  0.00  0.00  0.00  0.00  0.00
  7 55.21 36-41.97 112-41.85  0.41  45 1.60  0.00 D2C  2.00 -1.40  1.36 -6.54  0.49  0.34  1.67  2.00  2.35  5.05  0.00  0.00  0.00


  DATE    ORIGIN    LAT N    LONG W    DEPTH    MAG NO DM GAP M  RMS  ERH  ERZ Q SQD  ADJ IN NR  AVR  AAR NM AVXM SDXM NF AVFM SDFM I
  90904 1147 55.21 36-41.97 112-41.85   0.41        31 45  67 1 1.60  3.1  5.1 D D|C 0.41 10 32 0.00 0.92  0  0.0  0.0  0  0.0  0.0 7

  STN  DIST AZM AIN PRMK HRMN P-SEC TPOBS TPCAL DLY/H1 P-RES P-WT AMX PRX CALX K XMAG RMK FMP FMAG SRMK S-SEC TSOBS S-RES  S-WT    DT
 EKU   45.3  23  49 IP 0 1147 63.30  8.09  7.53  0.30  0.26  1.69   0  0  0.00 0                   0                                 
 U15A  47.2 129  49 IP 0 1147 63.90  8.69  7.83  0.50  0.36  1.05   0  0  0.00 0                   3ES  70.70 15.49  0.67   1.1      
 GCN   88.9 145  49 IP 0 1147 69.20 13.99 14.56 -0.80  0.23  0.56   0  0  0.00 0                   9ES  79.70 24.49  0.00   0.6      
 BHU   99.9 352  49 IP 0 1147 71.40 16.19 16.33  0.00 -0.14  1.69   0  0  0.00 0                   5ES  83.30 28.09 -0.97   1.7      
 ICU  120.2  65  49 IP 0 1147 71.90 16.69 19.60 -2.00 -0.91  1.05   0  0  0.00 0                   5ES  84.50 29.29 -2.04   1.0      
 CCAZ 123.8 160  49 IP 0 1147 74.30 19.09 20.19 -1.00 -0.10  0.56   0  0  0.00 0                   4ES  88.70 33.49 -0.67   0.6      
 BTU  138.7  32  49 IP 0 1147 78.70 23.49 22.59  0.00  0.90  1.69   0  0  0.00 0                   4ES  96.40 41.19  0.97   1.7      
 WMZ  174.5 169  49 IP 0 1147 82.80 27.59 28.37  0.00 -0.78  0.56   0  0  0.00 0                   7ES 103.50 48.29 -2.20   0.6      
 WUAZ 177.2 138  49 IP 0 1147 83.80 28.59 28.81  0.00 -0.22  1.05   0  0  0.00 0                   4ES 105.90 50.69 -0.59   1.1      
 FLAG 195.3 150  49 IP 0 1147 86.90 31.69 31.72  0.00 -0.03  0.56   0  0  0.00 0                   3ES 109.30 54.09 -2.37   0.6      
 W13A 207.6 211  37 IP 0 1147 84.80 29.59 33.67 -3.00 -1.07  0.56   0  0  0.00 0                   2ES 109.20 53.99 -0.60   0.6      
 SHP  221.3 265  37 IP 0 1147 86.20 30.99 35.42 -3.00 -1.43  2.08   0  0  0.00 0                   3ES 114.00 58.79  1.09   2.1      
 X16A 261.8 165  37 IP 0 1147 95.90 40.69 40.58  0.00  0.11  0.56   0  0  0.00 0                   4ES 131.90 76.69  4.46   0.5      
 GMR  277.3 285  37 IP 0 1147100.80 45.59 42.55  3.00  0.05  2.11   0  0  0.00 0                   0ES 147.80 92.59 11.52** 0.3      
 Y14A 307.4 185  37 IP 0 1147 97.70 42.49 46.38 -2.80 -1.09  0.55   0  0  0.00 0                   0                                 
 X18A 346.3 134  37 IP 0 1147110.60 55.39 51.34  3.00  1.06  0.98   0  0  0.00 0                   7ES 151.70 96.49 -0.23   1.0      
 GLA  449.0 206  37 IP 0 1147114.80 59.59 64.43 -4.00 -0.83  0.44   0  0  0.00 0                   9ES 177.10121.89 14.33** 0.0      
     42.51     42.52      0.00     -0.13      1.52           -0.08
     42.51     41.18      0.00     -0.10      1.53                             -0.07
     42.51     42.52      1.41      0.09      1.54             ( -0.06)
     42.51     41.18      1.41      0.12      1.55                               ( -0.05)

     41.97     41.85      0.00     -0.08      1.59                    -0.01
                                              1.60                       0.00
     41.97     41.85      2.15      0.17      1.63                      (  0.03)

     41.43     42.52      0.00     -0.08      1.58           -0.01
     41.43     41.18      0.00     -0.06      1.60                              0.01
     41.43     42.52      1.41      0.14      1.61             (  0.01)
     41.43     41.18      1.41      0.16      1.62                               (  0.03)



 ***** EXTRA BLANK CARD ENCOUNTERED *****
1 ***** CLASS:     A     B     C     D TOTAL *****

       NUMBER:   0.0   0.0   0.0   1.0   1.0

            %:   0.0   0.0   0.0 100.0



          TRAVELTIME RESIDUALS (MODEL=1)     TRAVELTIME RESIDUALS (MODEL=2)     X-MAGNITUDE RESIDUALS      F-MAGNITUDE RESIDUALS
 STATION   NRES    SRWT   AVRES   SDRES       NRES    SRWT   AVRES   SDRES        NXM    AVXM    SDXM        NFM    AVFM    SDFM
    EKU       1    1.69    0.26    0.00          0    0.00    0.00    0.00          0    0.00    0.00          0    0.00    0.00
    U15A      1    1.05    0.36    0.00          0    0.00    0.00    0.00          0    0.00    0.00          0    0.00    0.00
    GCN       1    0.56    0.23    0.00          0    0.00    0.00    0.00          0    0.00    0.00          0    0.00    0.00
    BHU       1    1.69   -0.14    0.00          0    0.00    0.00    0.00          0    0.00    0.00          0    0.00    0.00
    ICU       1    1.05   -0.91    0.00          0    0.00    0.00    0.00          0    0.00    0.00          0    0.00    0.00
    CCAZ      1    0.56   -0.10    0.00          0    0.00    0.00    0.00          0    0.00    0.00          0    0.00    0.00
    BTU       1    1.69    0.90    0.00          0    0.00    0.00    0.00          0    0.00    0.00          0    0.00    0.00
    WMZ       1    0.56   -0.78    0.00          0    0.00    0.00    0.00          0    0.00    0.00          0    0.00    0.00
    WUAZ      1    1.05   -0.22    0.00          0    0.00    0.00    0.00          0    0.00    0.00          0    0.00    0.00
    SHP       1    2.08   -1.43    0.00          0    0.00    0.00    0.00          0    0.00    0.00          0    0.00    0.00
    W13A      1    0.56   -1.07    0.00          0    0.00    0.00    0.00          0    0.00    0.00          0    0.00    0.00
    FLAG      1    0.56   -0.03    0.00          0    0.00    0.00    0.00          0    0.00    0.00          0    0.00    0.00
    X16A      1    0.56    0.11    0.00          0    0.00    0.00    0.00          0    0.00    0.00          0    0.00    0.00
    Y14A      1    0.55   -1.09    0.00          0    0.00    0.00    0.00          0    0.00    0.00          0    0.00    0.00
    GMR       1    2.11    0.05    0.00          0    0.00    0.00    0.00          0    0.00    0.00          0    0.00    0.00
    X18A      1    0.98    1.06    0.00          0    0.00    0.00    0.00          0    0.00    0.00          0    0.00    0.00
    GLA       1    0.44   -0.83    0.00          0    0.00    0.00    0.00          0    0.00    0.00          0    0.00    0.00
